-------------------------------------------------------------------------------
Test set: com.revature.daotest.UserDaoTest
-------------------------------------------------------------------------------
Tests run: 4, Failures: 0, Errors: 4, Skipped: 0, Time elapsed: 0.008 sec <<< FAILURE!
createUser(com.revature.daotest.UserDaoTest)  Time elapsed: 0.001 sec  <<< ERROR!
java.lang.StackOverflowError
	at com.revature.daotest.UserDaoTest.<init>(UserDaoTest.java:9)
	at com.revature.daotest.UserDaoTest.<init>(UserDaoTest.java:9)
	at com.revature.daotest.UserDaoTest.<init>(UserDaoTest.java:9)
	at com.revature.daotest.UserDaoTest.<init>(UserDaoTest.java:9)
	at com.revature.daotest.UserDaoTest.<init>(UserDaoTest.java:9)
	at com.revature.daotest.UserDaoTest.<init>(UserDaoTest.java:9)
	at com.revature.daotest.UserDaoTest.<init>(UserDaoTest.java:9)
	at com.revature.daotest.UserDaoTest.<init>(UserDaoTest.java:9)
	at com.revature.daotest.UserDaoTest.<init>(UserDaoTest.java:9)
	at com.revature.daotest.UserDaoTest.<init>(UserDaoTest.java:9)
	at com.revature.daotest.UserDaoTest.<init>(UserDaoTest.java:9)
	at com.revature.daotest.UserDaoTest.<init>(UserDaoTest.java:9)
	at com.revature.daotest.UserDaoTest.<init>(UserDaoTest.java:9)
	at com.revature.daotest.UserDaoTest.<init>(UserDaoTest.java:9)
	at com.revature.daotest.UserDaoTest.<init>(UserDaoTest.java:9)
	at com.revature.daotest.UserDaoTest.<init>(UserDaoTest.java:9)
	at com.revature.daotest.UserDaoTest.<init>(UserDaoTest.java:9)
	at com.revature.daotest.UserDaoTest.<init>(UserDaoTest.java:9)
	at com.revature.daotest.UserDaoTest.<init>(UserDaoTest.java:9)
	at com.revature.daotest.UserDaoTest.<init>(UserDaoTest.java:9)
	at com.revature.daotest.UserDaoTest.<init>(UserDaoTest.java:9)
	at com.revature.daotest.UserDaoTest.<init>(UserDaoTest.java:9)
	at com.revature.daotest.UserDaoTest.<init>(UserDaoTest.java:9)
	at com.revature.daotest.UserDaoTest.<init>(UserDaoTest.java:9)
	at com.revature.daotest.UserDaoTest.<init>(UserDaoTest.java:9)
	at com.revature.daotest.UserDaoTest.<init>(UserDaoTest.java:9)
	at com.revature.daotest.UserDaoTest.<init>(UserDaoTest.java:9)
	at com.revature.daotest.UserDaoTest.<init>(UserDaoTest.java:9)
	at com.revature.daotest.UserDaoTest.<init>(UserDaoTest.java:9)
	at com.revature.daotest.UserDaoTest.<init>(UserDaoTest.java:9)
	at com.revature.daotest.UserDaoTest.<init>(UserDaoTest.java:9)
	at com.revature.daotest.UserDaoTest.<init>(UserDaoTest.java:9)
	at com.revature.daotest.UserDaoTest.<init>(UserDaoTest.java:9)
	at com.revature.daotest.UserDaoTest.<init>(UserDaoTest.java:9)
	at com.revature.daotest.UserDaoTest.<init>(UserDaoTest.java:9)
	at com.revature.daotest.UserDaoTest.<init>(UserDaoTest.java:9)
	at com.revature.daotest.UserDaoTest.<init>(UserDaoTest.java:9)
	at com.revature.daotest.UserDaoTest.<init>(UserDaoTest.java:9)
	at com.revature.daotest.UserDaoTest.<init>(UserDaoTest.java:9)
	at com.revature.daotest.UserDaoTest.<init>(UserDaoTest.java:9)
	at com.revature.daotest.UserDaoTest.<init>(UserDaoTest.java:9)
	at com.revature.daotest.UserDaoTest.<init>(UserDaoTest.java:9)
	at com.revature.daotest.UserDaoTest.<init>(UserDaoTest.java:9)
	at com.revature.daotest.UserDaoTest.<init>(UserDaoTest.java:9)
	at com.revature.daotest.UserDaoTest.<init>(UserDaoTest.java:9)
	at com.revature.daotest.UserDaoTest.<init>(UserDaoTest.java:9)
	at com.revature.daotest.UserDaoTest.<init>(UserDaoTest.java:9)
	at com.revature.daotest.UserDaoTest.<init>(UserDaoTest.java:9)
	at com.revature.daotest.UserDaoTest.<init>(UserDaoTest.java:9)
	at com.revature.daotest.UserDaoTest.<init>(UserDaoTest.java:9)
	at com.revature.daotest.UserDaoTest.<init>(UserDaoTest.java:9)
	at com.revature.daotest.UserDaoTest.<init>(UserDaoTest.java:9)
	at com.revature.daotest.UserDaoTest.<init>(UserDaoTest.java:9)
	at com.revature.daotest.UserDaoTest.<init>(UserDaoTest.java:9)
	at com.revature.daotest.UserDaoTest.<init>(UserDaoTest.java:9)
	at com.revature.daotest.UserDaoTest.<init>(UserDaoTest.java:9)
	at com.revature.daotest.UserDaoTest.<init>(UserDaoTest.java:9)
	at com.revature.daotest.UserDaoTest.<init>(UserDaoTest.java:9)
	at com.revature.daotest.UserDaoTest.<init>(UserDaoTest.java:9)
	at com.revature.daotest.UserDaoTest.<init>(UserDaoTest.java:9)
	at com.revature.daotest.UserDaoTest.<init>(UserDaoTest.java:9)
	at com.revature.daotest.UserDaoTest.<init>(UserDaoTest.java:9)
	at com.revature.daotest.UserDaoTest.<init>(UserDaoTest.java:9)
	at com.revature.daotest.UserDaoTest.<init>(UserDaoTest.java:9)
	at com.revature.daotest.UserDaoTest.<init>(UserDaoTest.java:9)
	at com.revature.daotest.UserDaoTest.<init>(UserDaoTest.java:9)
	at com.revature.daotest.UserDaoTest.<init>(UserDaoTest.java:9)
	at com.revature.daotest.UserDaoTest.<init>(UserDaoTest.java:9)
	at com.revature.daotest.UserDaoTest.<init>(UserDaoTest.java:9)
	at com.revature.daotest.UserDaoTest.<init>(UserDaoTest.java:9)
	at com.revature.daotest.UserDaoTest.<init>(UserDaoTest.java:9)
	at com.revature.daotest.UserDaoTest.<init>(UserDaoTest.java:9)
	at com.revature.daotest.UserDaoTest.<init>(UserDaoTest.java:9)
	at com.revature.daotest.UserDaoTest.<init>(UserDaoTest.java:9)
	at com.revature.daotest.UserDaoTest.<init>(UserDaoTest.java:9)
	at com.revature.daotest.UserDaoTest.<init>(UserDaoTest.java:9)
	at com.revature.daotest.UserDaoTest.<init>(UserDaoTest.java:9)
	at com.revature.daotest.UserDaoTest.<init>(UserDaoTest.java:9)
	at com.revature.daotest.UserDaoTest.<init>(UserDaoTest.java:9)
	at com.revature.daotest.UserDaoTest.<init>(UserDaoTest.java:9)
	at com.revature.daotest.UserDaoTest.<init>(UserDaoTest.java:9)
	at com.revature.daotest.UserDaoTest.<init>(UserDaoTest.java:9)
	at com.revature.daotest.UserDaoTest.<init>(UserDaoTest.java:9)
	at com.revature.daotest.UserDaoTest.<init>(UserDaoTest.java:9)
	at com.revature.daotest.UserDaoTest.<init>(UserDaoTest.java:9)
	at com.revature.daotest.UserDaoTest.<init>(UserDaoTest.java:9)
	at com.revature.daotest.UserDaoTest.<init>(UserDaoTest.java:9)
	at com.revature.daotest.UserDaoTest.<init>(UserDaoTest.java:9)
	at com.revature.daotest.UserDaoTest.<init>(UserDaoTest.java:9)
	at com.revature.daotest.UserDaoTest.<init>(UserDaoTest.java:9)
	at com.revature.daotest.UserDaoTest.<init>(UserDaoTest.java:9)
	at com.revature.daotest.UserDaoTest.<init>(UserDaoTest.java:9)
	at com.revature.daotest.UserDaoTest.<init>(UserDaoTest.java:9)
	at com.revature.daotest.UserDaoTest.<init>(UserDaoTest.java:9)
	at com.revature.daotest.UserDaoTest.<init>(UserDaoTest.java:9)
	at com.revature.daotest.UserDaoTest.<init>(UserDaoTest.java:9)
	at com.revature.daotest.UserDaoTest.<init>(UserDaoTest.java:9)
	at com.revature.daotest.UserDaoTest.<init>(UserDaoTest.java:9)
	at com.revature.daotest.UserDaoTest.<init>(UserDaoTest.java:9)
	at com.revature.daotest.UserDaoTest.<init>(UserDaoTest.java:9)
	at com.revature.daotest.UserDaoTest.<init>(UserDaoTest.java:9)
	at com.revature.daotest.UserDaoTest.<init>(UserDaoTest.java:9)
	at com.revature.daotest.UserDaoTest.<init>(UserDaoTest.java:9)
	at com.revature.daotest.UserDaoTest.<init>(UserDaoTest.java:9)
	at com.revature.daotest.UserDaoTest.<init>(UserDaoTest.java:9)
	at com.revature.daotest.UserDaoTest.<init>(UserDaoTest.java:9)
	at com.revature.daotest.UserDaoTest.<init>(UserDaoTest.java:9)
	at com.revature.daotest.UserDaoTest.<init>(UserDaoTest.java:9)
	at com.revature.daotest.UserDaoTest.<init>(UserDaoTest.java:9)
	at com.revature.daotest.UserDaoTest.<init>(UserDaoTest.java:9)
	at com.revature.daotest.UserDaoTest.<init>(UserDaoTest.java:9)
	at com.revature.daotest.UserDaoTest.<init>(UserDaoTest.java:9)
	at com.revature.daotest.UserDaoTest.<init>(UserDaoTest.java:9)
	at com.revature.daotest.UserDaoTest.<init>(UserDaoTest.java:9)
	at com.revature.daotest.UserDaoTest.<init>(UserDaoTest.java:9)
	at com.revature.daotest.UserDaoTest.<init>(UserDaoTest.java:9)
	at com.revature.daotest.UserDaoTest.<init>(UserDaoTest.java:9)
	at com.revature.daotest.UserDaoTest.<init>(UserDaoTest.java:9)
	at com.revature.daotest.UserDaoTest.<init>(UserDaoTest.java:9)
	at com.revature.daotest.UserDaoTest.<init>(UserDaoTest.java:9)
	at com.revature.daotest.UserDaoTest.<init>(UserDaoTest.java:9)
	at com.revature.daotest.UserDaoTest.<init>(UserDaoTest.java:9)
	at com.revature.daotest.UserDaoTest.<init>(UserDaoTest.java:9)
	at com.revature.daotest.UserDaoTest.<init>(UserDaoTest.java:9)
	at com.revature.daotest.UserDaoTest.<init>(UserDaoTest.java:9)
	at com.revature.daotest.UserDaoTest.<init>(UserDaoTest.java:9)
	at com.revature.daotest.UserDaoTest.<init>(UserDaoTest.java:9)
	at com.revature.daotest.UserDaoTest.<init>(UserDaoTest.java:9)
	at com.revature.daotest.UserDaoTest.<init>(UserDaoTest.java:9)
	at com.revature.daotest.UserDaoTest.<init>(UserDaoTest.java:9)
	at com.revature.daotest.UserDaoTest.<init>(UserDaoTest.java:9)
	at com.revature.daotest.UserDaoTest.<init>(UserDaoTest.java:9)
	at com.revature.daotest.UserDaoTest.<init>(UserDaoTest.java:9)
	at com.revature.daotest.UserDaoTest.<init>(UserDaoTest.java:9)
	at com.revature.daotest.UserDaoTest.<init>(UserDaoTest.java:9)
	at com.revature.daotest.UserDaoTest.<init>(UserDaoTest.java:9)
	at com.revature.daotest.UserDaoTest.<init>(UserDaoTest.java:9)
	at com.revature.daotest.UserDaoTest.<init>(UserDaoTest.java:9)
	at com.revature.daotest.UserDaoTest.<init>(UserDaoTest.java:9)
	at com.revature.daotest.UserDaoTest.<init>(UserDaoTest.java:9)
	at com.revature.daotest.UserDaoTest.<init>(UserDaoTest.java:9)
	at com.revature.daotest.UserDaoTest.<init>(UserDaoTest.java:9)
	at com.revature.daotest.UserDaoTest.<init>(UserDaoTest.java:9)
	at com.revature.daotest.UserDaoTest.<init>(UserDaoTest.java:9)
	at com.revature.daotest.UserDaoTest.<init>(UserDaoTest.java:9)
	at com.revature.daotest.UserDaoTest.<init>(UserDaoTest.java:9)
	at com.revature.daotest.UserDaoTest.<init>(UserDaoTest.java:9)
	at com.revature.daotest.UserDaoTest.<init>(UserDaoTest.java:9)
	at com.revature.daotest.UserDaoTest.<init>(UserDaoTest.java:9)
	at com.revature.daotest.UserDaoTest.<init>(UserDaoTest.java:9)
	at com.revature.daotest.UserDaoTest.<init>(UserDaoTest.java:9)
	at com.revature.daotest.UserDaoTest.<init>(UserDaoTest.java:9)
	at com.revature.daotest.UserDaoTest.<init>(UserDaoTest.java:9)
	at com.revature.daotest.UserDaoTest.<init>(UserDaoTest.java:9)
	at com.revature.daotest.UserDaoTest.<init>(UserDaoTest.java:9)
	at com.revature.daotest.UserDaoTest.<init>(UserDaoTest.java:9)
	at com.revature.daotest.UserDaoTest.<init>(UserDaoTest.java:9)
	at com.revature.daotest.UserDaoTest.<init>(UserDaoTest.java:9)
	at com.revature.daotest.UserDaoTest.<init>(UserDaoTest.java:9)
	at com.revature.daotest.UserDaoTest.<init>(UserDaoTest.java:9)
	at com.revature.daotest.UserDaoTest.<init>(UserDaoTest.java:9)
	at com.revature.daotest.UserDaoTest.<init>(UserDaoTest.java:9)
	at com.revature.daotest.UserDaoTest.<init>(UserDaoTest.java:9)
	at com.revature.daotest.UserDaoTest.<init>(UserDaoTest.java:9)
	at com.revature.daotest.UserDaoTest.<init>(UserDaoTest.java:9)
	at com.revature.daotest.UserDaoTest.<init>(UserDaoTest.java:9)
	at com.revature.daotest.UserDaoTest.<init>(UserDaoTest.java:9)
	at com.revature.daotest.UserDaoTest.<init>(UserDaoTest.java:9)
	at com.revature.daotest.UserDaoTest.<init>(UserDaoTest.java:9)
	at com.revature.daotest.UserDaoTest.<init>(UserDaoTest.java:9)
	at com.revature.daotest.UserDaoTest.<init>(UserDaoTest.java:9)
	at com.revature.daotest.UserDaoTest.<init>(UserDaoTest.java:9)
	at com.revature.daotest.UserDaoTest.<init>(UserDaoTest.java:9)
	at com.revature.daotest.UserDaoTest.<init>(UserDaoTest.java:9)
	at com.revature.daotest.UserDaoTest.<init>(UserDaoTest.java:9)
	at com.revature.daotest.UserDaoTest.<init>(UserDaoTest.java:9)
	at com.revature.daotest.UserDaoTest.<init>(UserDaoTest.java:9)
	at com.revature.daotest.UserDaoTest.<init>(UserDaoTest.java:9)
	at com.revature.daotest.UserDaoTest.<init>(UserDaoTest.java:9)
	at com.revature.daotest.UserDaoTest.<init>(UserDaoTest.java:9)
	at com.revature.daotest.UserDaoTest.<init>(UserDaoTest.java:9)
	at com.revature.daotest.UserDaoTest.<init>(UserDaoTest.java:9)
	at com.revature.daotest.UserDaoTest.<init>(UserDaoTest.java:9)
	at com.revature.daotest.UserDaoTest.<init>(UserDaoTest.java:9)
	at com.revature.daotest.UserDaoTest.<init>(UserDaoTest.java:9)
	at com.revature.daotest.UserDaoTest.<init>(UserDaoTest.java:9)
	at com.revature.daotest.UserDaoTest.<init>(UserDaoTest.java:9)
	at com.revature.daotest.UserDaoTest.<init>(UserDaoTest.java:9)
	at com.revature.daotest.UserDaoTest.<init>(UserDaoTest.java:9)
	at com.revature.daotest.UserDaoTest.<init>(UserDaoTest.java:9)
	at com.revature.daotest.UserDaoTest.<init>(UserDaoTest.java:9)
	at com.revature.daotest.UserDaoTest.<init>(UserDaoTest.java:9)
	at com.revature.daotest.UserDaoTest.<init>(UserDaoTest.java:9)
	at com.revature.daotest.UserDaoTest.<init>(UserDaoTest.java:9)
	at com.revature.daotest.UserDaoTest.<init>(UserDaoTest.java:9)
	at com.revature.daotest.UserDaoTest.<init>(UserDaoTest.java:9)
	at com.revature.daotest.UserDaoTest.<init>(UserDaoTest.java:9)
	at com.revature.daotest.UserDaoTest.<init>(UserDaoTest.java:9)
	at com.revature.daotest.UserDaoTest.<init>(UserDaoTest.java:9)
	at com.revature.daotest.UserDaoTest.<init>(UserDaoTest.java:9)
	at com.revature.daotest.UserDaoTest.<init>(UserDaoTest.java:9)
	at com.revature.daotest.UserDaoTest.<init>(UserDaoTest.java:9)
	at com.revature.daotest.UserDaoTest.<init>(UserDaoTest.java:9)
	at com.revature.daotest.UserDaoTest.<init>(UserDaoTest.java:9)
	at com.revature.daotest.UserDaoTest.<init>(UserDaoTest.java:9)
	at com.revature.daotest.UserDaoTest.<init>(UserDaoTest.java:9)
	at com.revature.daotest.UserDaoTest.<init>(UserDaoTest.java:9)
	at com.revature.daotest.UserDaoTest.<init>(UserDaoTest.java:9)
	at com.revature.daotest.UserDaoTest.<init>(UserDaoTest.java:9)
	at com.revature.daotest.UserDaoTest.<init>(UserDaoTest.java:9)
	at com.revature.daotest.UserDaoTest.<init>(UserDaoTest.java:9)
	at com.revature.daotest.UserDaoTest.<init>(UserDaoTest.java:9)
	at com.revature.daotest.UserDaoTest.<init>(UserDaoTest.java:9)
	at com.revature.daotest.UserDaoTest.<init>(UserDaoTest.java:9)
	at com.revature.daotest.UserDaoTest.<init>(UserDaoTest.java:9)
	at com.revature.daotest.UserDaoTest.<init>(UserDaoTest.java:9)
	at com.revature.daotest.UserDaoTest.<init>(UserDaoTest.java:9)
	at com.revature.daotest.UserDaoTest.<init>(UserDaoTest.java:9)
	at com.revature.daotest.UserDaoTest.<init>(UserDaoTest.java:9)
	at com.revature.daotest.UserDaoTest.<init>(UserDaoTest.java:9)
	at com.revature.daotest.UserDaoTest.<init>(UserDaoTest.java:9)
	at com.revature.daotest.UserDaoTest.<init>(UserDaoTest.java:9)
	at com.revature.daotest.UserDaoTest.<init>(UserDaoTest.java:9)
	at com.revature.daotest.UserDaoTest.<init>(UserDaoTest.java:9)
	at com.revature.daotest.UserDaoTest.<init>(UserDaoTest.java:9)
	at com.revature.daotest.UserDaoTest.<init>(UserDaoTest.java:9)
	at com.revature.daotest.UserDaoTest.<init>(UserDaoTest.java:9)
	at com.revature.daotest.UserDaoTest.<init>(UserDaoTest.java:9)
	at com.revature.daotest.UserDaoTest.<init>(UserDaoTest.java:9)
	at com.revature.daotest.UserDaoTest.<init>(UserDaoTest.java:9)
	at com.revature.daotest.UserDaoTest.<init>(UserDaoTest.java:9)
	at com.revature.daotest.UserDaoTest.<init>(UserDaoTest.java:9)
	at com.revature.daotest.UserDaoTest.<init>(UserDaoTest.java:9)
	at com.revature.daotest.UserDaoTest.<init>(UserDaoTest.java:9)
	at com.revature.daotest.UserDaoTest.<init>(UserDaoTest.java:9)
	at com.revature.daotest.UserDaoTest.<init>(UserDaoTest.java:9)
	at com.revature.daotest.UserDaoTest.<init>(UserDaoTest.java:9)
	at com.revature.daotest.UserDaoTest.<init>(UserDaoTest.java:9)
	at com.revature.daotest.UserDaoTest.<init>(UserDaoTest.java:9)
	at com.revature.daotest.UserDaoTest.<init>(UserDaoTest.java:9)
	at com.revature.daotest.UserDaoTest.<init>(UserDaoTest.java:9)
	at com.revature.daotest.UserDaoTest.<init>(UserDaoTest.java:9)
	at com.revature.daotest.UserDaoTest.<init>(UserDaoTest.java:9)
	at com.revature.daotest.UserDaoTest.<init>(UserDaoTest.java:9)
	at com.revature.daotest.UserDaoTest.<init>(UserDaoTest.java:9)
	at com.revature.daotest.UserDaoTest.<init>(UserDaoTest.java:9)
	at com.revature.daotest.UserDaoTest.<init>(UserDaoTest.java:9)
	at com.revature.daotest.UserDaoTest.<init>(UserDaoTest.java:9)
	at com.revature.daotest.UserDaoTest.<init>(UserDaoTest.java:9)
	at com.revature.daotest.UserDaoTest.<init>(UserDaoTest.java:9)
	at com.revature.daotest.UserDaoTest.<init>(UserDaoTest.java:9)
	at com.revature.daotest.UserDaoTest.<init>(UserDaoTest.java:9)
	at com.revature.daotest.UserDaoTest.<init>(UserDaoTest.java:9)
	at com.revature.daotest.UserDaoTest.<init>(UserDaoTest.java:9)
	at com.revature.daotest.UserDaoTest.<init>(UserDaoTest.java:9)
	at com.revature.daotest.UserDaoTest.<init>(UserDaoTest.java:9)
	at com.revature.daotest.UserDaoTest.<init>(UserDaoTest.java:9)
	at com.revature.daotest.UserDaoTest.<init>(UserDaoTest.java:9)
	at com.revature.daotest.UserDaoTest.<init>(UserDaoTest.java:9)
	at com.revature.daotest.UserDaoTest.<init>(UserDaoTest.java:9)
	at com.revature.daotest.UserDaoTest.<init>(UserDaoTest.java:9)
	at com.revature.daotest.UserDaoTest.<init>(UserDaoTest.java:9)
	at com.revature.daotest.UserDaoTest.<init>(UserDaoTest.java:9)
	at com.revature.daotest.UserDaoTest.<init>(UserDaoTest.java:9)
	at com.revature.daotest.UserDaoTest.<init>(UserDaoTest.java:9)
	at com.revature.daotest.UserDaoTest.<init>(UserDaoTest.java:9)
	at com.revature.daotest.UserDaoTest.<init>(UserDaoTest.java:9)
	at com.revature.daotest.UserDaoTest.<init>(UserDaoTest.java:9)
	at com.revature.daotest.UserDaoTest.<init>(UserDaoTest.java:9)
	at com.revature.daotest.UserDaoTest.<init>(UserDaoTest.java:9)
	at com.revature.daotest.UserDaoTest.<init>(UserDaoTest.java:9)
	at com.revature.daotest.UserDaoTest.<init>(UserDaoTest.java:9)
	at com.revature.daotest.UserDaoTest.<init>(UserDaoTest.java:9)
	at com.revature.daotest.UserDaoTest.<init>(UserDaoTest.java:9)
	at com.revature.daotest.UserDaoTest.<init>(UserDaoTest.java:9)
	at com.revature.daotest.UserDaoTest.<init>(UserDaoTest.java:9)
	at com.revature.daotest.UserDaoTest.<init>(UserDaoTest.java:9)
	at com.revature.daotest.UserDaoTest.<init>(UserDaoTest.java:9)
	at com.revature.daotest.UserDaoTest.<init>(UserDaoTest.java:9)
	at com.revature.daotest.UserDaoTest.<init>(UserDaoTest.java:9)
	at com.revature.daotest.UserDaoTest.<init>(UserDaoTest.java:9)
	at com.revature.daotest.UserDaoTest.<init>(UserDaoTest.java:9)
	at com.revature.daotest.UserDaoTest.<init>(UserDaoTest.java:9)
	at com.revature.daotest.UserDaoTest.<init>(UserDaoTest.java:9)
	at com.revature.daotest.UserDaoTest.<init>(UserDaoTest.java:9)
	at com.revature.daotest.UserDaoTest.<init>(UserDaoTest.java:9)
	at com.revature.daotest.UserDaoTest.<init>(UserDaoTest.java:9)
	at com.revature.daotest.UserDaoTest.<init>(UserDaoTest.java:9)
	at com.revature.daotest.UserDaoTest.<init>(UserDaoTest.java:9)
	at com.revature.daotest.UserDaoTest.<init>(UserDaoTest.java:9)
	at com.revature.daotest.UserDaoTest.<init>(UserDaoTest.java:9)
	at com.revature.daotest.UserDaoTest.<init>(UserDaoTest.java:9)
	at com.revature.daotest.UserDaoTest.<init>(UserDaoTest.java:9)
	at com.revature.daotest.UserDaoTest.<init>(UserDaoTest.java:9)
	at com.revature.daotest.UserDaoTest.<init>(UserDaoTest.java:9)
	at com.revature.daotest.UserDaoTest.<init>(UserDaoTest.java:9)
	at com.revature.daotest.UserDaoTest.<init>(UserDaoTest.java:9)
	at com.revature.daotest.UserDaoTest.<init>(UserDaoTest.java:9)
	at com.revature.daotest.UserDaoTest.<init>(UserDaoTest.java:9)
	at com.revature.daotest.UserDaoTest.<init>(UserDaoTest.java:9)
	at com.revature.daotest.UserDaoTest.<init>(UserDaoTest.java:9)
	at com.revature.daotest.UserDaoTest.<init>(UserDaoTest.java:9)
	at com.revature.daotest.UserDaoTest.<init>(UserDaoTest.java:9)
	at com.revature.daotest.UserDaoTest.<init>(UserDaoTest.java:9)
	at com.revature.daotest.UserDaoTest.<init>(UserDaoTest.java:9)
	at com.revature.daotest.UserDaoTest.<init>(UserDaoTest.java:9)
	at com.revature.daotest.UserDaoTest.<init>(UserDaoTest.java:9)
	at com.revature.daotest.UserDaoTest.<init>(UserDaoTest.java:9)
	at com.revature.daotest.UserDaoTest.<init>(UserDaoTest.java:9)
	at com.revature.daotest.UserDaoTest.<init>(UserDaoTest.java:9)
	at com.revature.daotest.UserDaoTest.<init>(UserDaoTest.java:9)
	at com.revature.daotest.UserDaoTest.<init>(UserDaoTest.java:9)
	at com.revature.daotest.UserDaoTest.<init>(UserDaoTest.java:9)
	at com.revature.daotest.UserDaoTest.<init>(UserDaoTest.java:9)
	at com.revature.daotest.UserDaoTest.<init>(UserDaoTest.java:9)
	at com.revature.daotest.UserDaoTest.<init>(UserDaoTest.java:9)
	at com.revature.daotest.UserDaoTest.<init>(UserDaoTest.java:9)
	at com.revature.daotest.UserDaoTest.<init>(UserDaoTest.java:9)
	at com.revature.daotest.UserDaoTest.<init>(UserDaoTest.java:9)
	at com.revature.daotest.UserDaoTest.<init>(UserDaoTest.java:9)
	at com.revature.daotest.UserDaoTest.<init>(UserDaoTest.java:9)
	at com.revature.daotest.UserDaoTest.<init>(UserDaoTest.java:9)
	at com.revature.daotest.UserDaoTest.<init>(UserDaoTest.java:9)
	at com.revature.daotest.UserDaoTest.<init>(UserDaoTest.java:9)
	at com.revature.daotest.UserDaoTest.<init>(UserDaoTest.java:9)
	at com.revature.daotest.UserDaoTest.<init>(UserDaoTest.java:9)
	at com.revature.daotest.UserDaoTest.<init>(UserDaoTest.java:9)
	at com.revature.daotest.UserDaoTest.<init>(UserDaoTest.java:9)
	at com.revature.daotest.UserDaoTest.<init>(UserDaoTest.java:9)
	at com.revature.daotest.UserDaoTest.<init>(UserDaoTest.java:9)
	at com.revature.daotest.UserDaoTest.<init>(UserDaoTest.java:9)
	at com.revature.daotest.UserDaoTest.<init>(UserDaoTest.java:9)
	at com.revature.daotest.UserDaoTest.<init>(UserDaoTest.java:9)
	at com.revature.daotest.UserDaoTest.<init>(UserDaoTest.java:9)
	at com.revature.daotest.UserDaoTest.<init>(UserDaoTest.java:9)
	at com.revature.daotest.UserDaoTest.<init>(UserDaoTest.java:9)
	at com.revature.daotest.UserDaoTest.<init>(UserDaoTest.java:9)
	at com.revature.daotest.UserDaoTest.<init>(UserDaoTest.java:9)
	at com.revature.daotest.UserDaoTest.<init>(UserDaoTest.java:9)
	at com.revature.daotest.UserDaoTest.<init>(UserDaoTest.java:9)
	at com.revature.daotest.UserDaoTest.<init>(UserDaoTest.java:9)
	at com.revature.daotest.UserDaoTest.<init>(UserDaoTest.java:9)
	at com.revature.daotest.UserDaoTest.<init>(UserDaoTest.java:9)
	at com.revature.daotest.UserDaoTest.<init>(UserDaoTest.java:9)
	at com.revature.daotest.UserDaoTest.<init>(UserDaoTest.java:9)
	at com.revature.daotest.UserDaoTest.<init>(UserDaoTest.java:9)
	at com.revature.daotest.UserDaoTest.<init>(UserDaoTest.java:9)
	at com.revature.daotest.UserDaoTest.<init>(UserDaoTest.java:9)
	at com.revature.daotest.UserDaoTest.<init>(UserDaoTest.java:9)
	at com.revature.daotest.UserDaoTest.<init>(UserDaoTest.java:9)
	at com.revature.daotest.UserDaoTest.<init>(UserDaoTest.java:9)
	at com.revature.daotest.UserDaoTest.<init>(UserDaoTest.java:9)
	at com.revature.daotest.UserDaoTest.<init>(UserDaoTest.java:9)
	at com.revature.daotest.UserDaoTest.<init>(UserDaoTest.java:9)
	at com.revature.daotest.UserDaoTest.<init>(UserDaoTest.java:9)
	at com.revature.daotest.UserDaoTest.<init>(UserDaoTest.java:9)
	at com.revature.daotest.UserDaoTest.<init>(UserDaoTest.java:9)
	at com.revature.daotest.UserDaoTest.<init>(UserDaoTest.java:9)
	at com.revature.daotest.UserDaoTest.<init>(UserDaoTest.java:9)
	at com.revature.daotest.UserDaoTest.<init>(UserDaoTest.java:9)
	at com.revature.daotest.UserDaoTest.<init>(UserDaoTest.java:9)
	at com.revature.daotest.UserDaoTest.<init>(UserDaoTest.java:9)
	at com.revature.daotest.UserDaoTest.<init>(UserDaoTest.java:9)
	at com.revature.daotest.UserDaoTest.<init>(UserDaoTest.java:9)
	at com.revature.daotest.UserDaoTest.<init>(UserDaoTest.java:9)
	at com.revature.daotest.UserDaoTest.<init>(UserDaoTest.java:9)
	at com.revature.daotest.UserDaoTest.<init>(UserDaoTest.java:9)
	at com.revature.daotest.UserDaoTest.<init>(UserDaoTest.java:9)
	at com.revature.daotest.UserDaoTest.<init>(UserDaoTest.java:9)
	at com.revature.daotest.UserDaoTest.<init>(UserDaoTest.java:9)
	at com.revature.daotest.UserDaoTest.<init>(UserDaoTest.java:9)
	at com.revature.daotest.UserDaoTest.<init>(UserDaoTest.java:9)
	at com.revature.daotest.UserDaoTest.<init>(UserDaoTest.java:9)
	at com.revature.daotest.UserDaoTest.<init>(UserDaoTest.java:9)
	at com.revature.daotest.UserDaoTest.<init>(UserDaoTest.java:9)
	at com.revature.daotest.UserDaoTest.<init>(UserDaoTest.java:9)
	at com.revature.daotest.UserDaoTest.<init>(UserDaoTest.java:9)
	at com.revature.daotest.UserDaoTest.<init>(UserDaoTest.java:9)
	at com.revature.daotest.UserDaoTest.<init>(UserDaoTest.java:9)
	at com.revature.daotest.UserDaoTest.<init>(UserDaoTest.java:9)
	at com.revature.daotest.UserDaoTest.<init>(UserDaoTest.java:9)
	at com.revature.daotest.UserDaoTest.<init>(UserDaoTest.java:9)
	at com.revature.daotest.UserDaoTest.<init>(UserDaoTest.java:9)
	at com.revature.daotest.UserDaoTest.<init>(UserDaoTest.java:9)
	at com.revature.daotest.UserDaoTest.<init>(UserDaoTest.java:9)
	at com.revature.daotest.UserDaoTest.<init>(UserDaoTest.java:9)
	at com.revature.daotest.UserDaoTest.<init>(UserDaoTest.java:9)
	at com.revature.daotest.UserDaoTest.<init>(UserDaoTest.java:9)
	at com.revature.daotest.UserDaoTest.<init>(UserDaoTest.java:9)
	at com.revature.daotest.UserDaoTest.<init>(UserDaoTest.java:9)
	at com.revature.daotest.UserDaoTest.<init>(UserDaoTest.java:9)
	at com.revature.daotest.UserDaoTest.<init>(UserDaoTest.java:9)
	at com.revature.daotest.UserDaoTest.<init>(UserDaoTest.java:9)
	at com.revature.daotest.UserDaoTest.<init>(UserDaoTest.java:9)
	at com.revature.daotest.UserDaoTest.<init>(UserDaoTest.java:9)
	at com.revature.daotest.UserDaoTest.<init>(UserDaoTest.java:9)
	at com.revature.daotest.UserDaoTest.<init>(UserDaoTest.java:9)
	at com.revature.daotest.UserDaoTest.<init>(UserDaoTest.java:9)
	at com.revature.daotest.UserDaoTest.<init>(UserDaoTest.java:9)
	at com.revature.daotest.UserDaoTest.<init>(UserDaoTest.java:9)
	at com.revature.daotest.UserDaoTest.<init>(UserDaoTest.java:9)
	at com.revature.daotest.UserDaoTest.<init>(UserDaoTest.java:9)
	at com.revature.daotest.UserDaoTest.<init>(UserDaoTest.java:9)
	at com.revature.daotest.UserDaoTest.<init>(UserDaoTest.java:9)
	at com.revature.daotest.UserDaoTest.<init>(UserDaoTest.java:9)
	at com.revature.daotest.UserDaoTest.<init>(UserDaoTest.java:9)
	at com.revature.daotest.UserDaoTest.<init>(UserDaoTest.java:9)
	at com.revature.daotest.UserDaoTest.<init>(UserDaoTest.java:9)
	at com.revature.daotest.UserDaoTest.<init>(UserDaoTest.java:9)
	at com.revature.daotest.UserDaoTest.<init>(UserDaoTest.java:9)
	at com.revature.daotest.UserDaoTest.<init>(UserDaoTest.java:9)
	at com.revature.daotest.UserDaoTest.<init>(UserDaoTest.java:9)
	at com.revature.daotest.UserDaoTest.<init>(UserDaoTest.java:9)
	at com.revature.daotest.UserDaoTest.<init>(UserDaoTest.java:9)
	at com.revature.daotest.UserDaoTest.<init>(UserDaoTest.java:9)
	at com.revature.daotest.UserDaoTest.<init>(UserDaoTest.java:9)
	at com.revature.daotest.UserDaoTest.<init>(UserDaoTest.java:9)
	at com.revature.daotest.UserDaoTest.<init>(UserDaoTest.java:9)
	at com.revature.daotest.UserDaoTest.<init>(UserDaoTest.java:9)
	at com.revature.daotest.UserDaoTest.<init>(UserDaoTest.java:9)
	at com.revature.daotest.UserDaoTest.<init>(UserDaoTest.java:9)
	at com.revature.daotest.UserDaoTest.<init>(UserDaoTest.java:9)
	at com.revature.daotest.UserDaoTest.<init>(UserDaoTest.java:9)
	at com.revature.daotest.UserDaoTest.<init>(UserDaoTest.java:9)
	at com.revature.daotest.UserDaoTest.<init>(UserDaoTest.java:9)
	at com.revature.daotest.UserDaoTest.<init>(UserDaoTest.java:9)
	at com.revature.daotest.UserDaoTest.<init>(UserDaoTest.java:9)
	at com.revature.daotest.UserDaoTest.<init>(UserDaoTest.java:9)
	at com.revature.daotest.UserDaoTest.<init>(UserDaoTest.java:9)
	at com.revature.daotest.UserDaoTest.<init>(UserDaoTest.java:9)
	at com.revature.daotest.UserDaoTest.<init>(UserDaoTest.java:9)
	at com.revature.daotest.UserDaoTest.<init>(UserDaoTest.java:9)
	at com.revature.daotest.UserDaoTest.<init>(UserDaoTest.java:9)
	at com.revature.daotest.UserDaoTest.<init>(UserDaoTest.java:9)
	at com.revature.daotest.UserDaoTest.<init>(UserDaoTest.java:9)
	at com.revature.daotest.UserDaoTest.<init>(UserDaoTest.java:9)
	at com.revature.daotest.UserDaoTest.<init>(UserDaoTest.java:9)
	at com.revature.daotest.UserDaoTest.<init>(UserDaoTest.java:9)
	at com.revature.daotest.UserDaoTest.<init>(UserDaoTest.java:9)
	at com.revature.daotest.UserDaoTest.<init>(UserDaoTest.java:9)
	at com.revature.daotest.UserDaoTest.<init>(UserDaoTest.java:9)
	at com.revature.daotest.UserDaoTest.<init>(UserDaoTest.java:9)
	at com.revature.daotest.UserDaoTest.<init>(UserDaoTest.java:9)
	at com.revature.daotest.UserDaoTest.<init>(UserDaoTest.java:9)
	at com.revature.daotest.UserDaoTest.<init>(UserDaoTest.java:9)
	at com.revature.daotest.UserDaoTest.<init>(UserDaoTest.java:9)
	at com.revature.daotest.UserDaoTest.<init>(UserDaoTest.java:9)
	at com.revature.daotest.UserDaoTest.<init>(UserDaoTest.java:9)
	at com.revature.daotest.UserDaoTest.<init>(UserDaoTest.java:9)
	at com.revature.daotest.UserDaoTest.<init>(UserDaoTest.java:9)
	at com.revature.daotest.UserDaoTest.<init>(UserDaoTest.java:9)
	at com.revature.daotest.UserDaoTest.<init>(UserDaoTest.java:9)
	at com.revature.daotest.UserDaoTest.<init>(UserDaoTest.java:9)
	at com.revature.daotest.UserDaoTest.<init>(UserDaoTest.java:9)
	at com.revature.daotest.UserDaoTest.<init>(UserDaoTest.java:9)
	at com.revature.daotest.UserDaoTest.<init>(UserDaoTest.java:9)
	at com.revature.daotest.UserDaoTest.<init>(UserDaoTest.java:9)
	at com.revature.daotest.UserDaoTest.<init>(UserDaoTest.java:9)
	at com.revature.daotest.UserDaoTest.<init>(UserDaoTest.java:9)
	at com.revature.daotest.UserDaoTest.<init>(UserDaoTest.java:9)
	at com.revature.daotest.UserDaoTest.<init>(UserDaoTest.java:9)
	at com.revature.daotest.UserDaoTest.<init>(UserDaoTest.java:9)
	at com.revature.daotest.UserDaoTest.<init>(UserDaoTest.java:9)
	at com.revature.daotest.UserDaoTest.<init>(UserDaoTest.java:9)
	at com.revature.daotest.UserDaoTest.<init>(UserDaoTest.java:9)
	at com.revature.daotest.UserDaoTest.<init>(UserDaoTest.java:9)
	at com.revature.daotest.UserDaoTest.<init>(UserDaoTest.java:9)
	at com.revature.daotest.UserDaoTest.<init>(UserDaoTest.java:9)
	at com.revature.daotest.UserDaoTest.<init>(UserDaoTest.java:9)
	at com.revature.daotest.UserDaoTest.<init>(UserDaoTest.java:9)
	at com.revature.daotest.UserDaoTest.<init>(UserDaoTest.java:9)
	at com.revature.daotest.UserDaoTest.<init>(UserDaoTest.java:9)
	at com.revature.daotest.UserDaoTest.<init>(UserDaoTest.java:9)
	at com.revature.daotest.UserDaoTest.<init>(UserDaoTest.java:9)
	at com.revature.daotest.UserDaoTest.<init>(UserDaoTest.java:9)
	at com.revature.daotest.UserDaoTest.<init>(UserDaoTest.java:9)
	at com.revature.daotest.UserDaoTest.<init>(UserDaoTest.java:9)
	at com.revature.daotest.UserDaoTest.<init>(UserDaoTest.java:9)
	at com.revature.daotest.UserDaoTest.<init>(UserDaoTest.java:9)
	at com.revature.daotest.UserDaoTest.<init>(UserDaoTest.java:9)
	at com.revature.daotest.UserDaoTest.<init>(UserDaoTest.java:9)
	at com.revature.daotest.UserDaoTest.<init>(UserDaoTest.java:9)
	at com.revature.daotest.UserDaoTest.<init>(UserDaoTest.java:9)
	at com.revature.daotest.UserDaoTest.<init>(UserDaoTest.java:9)
	at com.revature.daotest.UserDaoTest.<init>(UserDaoTest.java:9)
	at com.revature.daotest.UserDaoTest.<init>(UserDaoTest.java:9)
	at com.revature.daotest.UserDaoTest.<init>(UserDaoTest.java:9)
	at com.revature.daotest.UserDaoTest.<init>(UserDaoTest.java:9)
	at com.revature.daotest.UserDaoTest.<init>(UserDaoTest.java:9)
	at com.revature.daotest.UserDaoTest.<init>(UserDaoTest.java:9)
	at com.revature.daotest.UserDaoTest.<init>(UserDaoTest.java:9)
	at com.revature.daotest.UserDaoTest.<init>(UserDaoTest.java:9)
	at com.revature.daotest.UserDaoTest.<init>(UserDaoTest.java:9)
	at com.revature.daotest.UserDaoTest.<init>(UserDaoTest.java:9)
	at com.revature.daotest.UserDaoTest.<init>(UserDaoTest.java:9)
	at com.revature.daotest.UserDaoTest.<init>(UserDaoTest.java:9)
	at com.revature.daotest.UserDaoTest.<init>(UserDaoTest.java:9)
	at com.revature.daotest.UserDaoTest.<init>(UserDaoTest.java:9)
	at com.revature.daotest.UserDaoTest.<init>(UserDaoTest.java:9)
	at com.revature.daotest.UserDaoTest.<init>(UserDaoTest.java:9)
	at com.revature.daotest.UserDaoTest.<init>(UserDaoTest.java:9)
	at com.revature.daotest.UserDaoTest.<init>(UserDaoTest.java:9)
	at com.revature.daotest.UserDaoTest.<init>(UserDaoTest.java:9)
	at com.revature.daotest.UserDaoTest.<init>(UserDaoTest.java:9)
	at com.revature.daotest.UserDaoTest.<init>(UserDaoTest.java:9)
	at com.revature.daotest.UserDaoTest.<init>(UserDaoTest.java:9)
	at com.revature.daotest.UserDaoTest.<init>(UserDaoTest.java:9)
	at com.revature.daotest.UserDaoTest.<init>(UserDaoTest.java:9)
	at com.revature.daotest.UserDaoTest.<init>(UserDaoTest.java:9)
	at com.revature.daotest.UserDaoTest.<init>(UserDaoTest.java:9)
	at com.revature.daotest.UserDaoTest.<init>(UserDaoTest.java:9)
	at com.revature.daotest.UserDaoTest.<init>(UserDaoTest.java:9)
	at com.revature.daotest.UserDaoTest.<init>(UserDaoTest.java:9)
	at com.revature.daotest.UserDaoTest.<init>(UserDaoTest.java:9)
	at com.revature.daotest.UserDaoTest.<init>(UserDaoTest.java:9)
	at com.revature.daotest.UserDaoTest.<init>(UserDaoTest.java:9)
	at com.revature.daotest.UserDaoTest.<init>(UserDaoTest.java:9)
	at com.revature.daotest.UserDaoTest.<init>(UserDaoTest.java:9)
	at com.revature.daotest.UserDaoTest.<init>(UserDaoTest.java:9)
	at com.revature.daotest.UserDaoTest.<init>(UserDaoTest.java:9)
	at com.revature.daotest.UserDaoTest.<init>(UserDaoTest.java:9)
	at com.revature.daotest.UserDaoTest.<init>(UserDaoTest.java:9)
	at com.revature.daotest.UserDaoTest.<init>(UserDaoTest.java:9)
	at com.revature.daotest.UserDaoTest.<init>(UserDaoTest.java:9)
	at com.revature.daotest.UserDaoTest.<init>(UserDaoTest.java:9)
	at com.revature.daotest.UserDaoTest.<init>(UserDaoTest.java:9)
	at com.revature.daotest.UserDaoTest.<init>(UserDaoTest.java:9)
	at com.revature.daotest.UserDaoTest.<init>(UserDaoTest.java:9)
	at com.revature.daotest.UserDaoTest.<init>(UserDaoTest.java:9)
	at com.revature.daotest.UserDaoTest.<init>(UserDaoTest.java:9)
	at com.revature.daotest.UserDaoTest.<init>(UserDaoTest.java:9)
	at com.revature.daotest.UserDaoTest.<init>(UserDaoTest.java:9)
	at com.revature.daotest.UserDaoTest.<init>(UserDaoTest.java:9)
	at com.revature.daotest.UserDaoTest.<init>(UserDaoTest.java:9)
	at com.revature.daotest.UserDaoTest.<init>(UserDaoTest.java:9)
	at com.revature.daotest.UserDaoTest.<init>(UserDaoTest.java:9)
	at com.revature.daotest.UserDaoTest.<init>(UserDaoTest.java:9)
	at com.revature.daotest.UserDaoTest.<init>(UserDaoTest.java:9)
	at com.revature.daotest.UserDaoTest.<init>(UserDaoTest.java:9)
	at com.revature.daotest.UserDaoTest.<init>(UserDaoTest.java:9)
	at com.revature.daotest.UserDaoTest.<init>(UserDaoTest.java:9)
	at com.revature.daotest.UserDaoTest.<init>(UserDaoTest.java:9)
	at com.revature.daotest.UserDaoTest.<init>(UserDaoTest.java:9)
	at com.revature.daotest.UserDaoTest.<init>(UserDaoTest.java:9)
	at com.revature.daotest.UserDaoTest.<init>(UserDaoTest.java:9)
	at com.revature.daotest.UserDaoTest.<init>(UserDaoTest.java:9)
	at com.revature.daotest.UserDaoTest.<init>(UserDaoTest.java:9)
	at com.revature.daotest.UserDaoTest.<init>(UserDaoTest.java:9)
	at com.revature.daotest.UserDaoTest.<init>(UserDaoTest.java:9)
	at com.revature.daotest.UserDaoTest.<init>(UserDaoTest.java:9)
	at com.revature.daotest.UserDaoTest.<init>(UserDaoTest.java:9)
	at com.revature.daotest.UserDaoTest.<init>(UserDaoTest.java:9)
	at com.revature.daotest.UserDaoTest.<init>(UserDaoTest.java:9)
	at com.revature.daotest.UserDaoTest.<init>(UserDaoTest.java:9)
	at com.revature.daotest.UserDaoTest.<init>(UserDaoTest.java:9)
	at com.revature.daotest.UserDaoTest.<init>(UserDaoTest.java:9)
	at com.revature.daotest.UserDaoTest.<init>(UserDaoTest.java:9)
	at com.revature.daotest.UserDaoTest.<init>(UserDaoTest.java:9)
	at com.revature.daotest.UserDaoTest.<init>(UserDaoTest.java:9)
	at com.revature.daotest.UserDaoTest.<init>(UserDaoTest.java:9)
	at com.revature.daotest.UserDaoTest.<init>(UserDaoTest.java:9)
	at com.revature.daotest.UserDaoTest.<init>(UserDaoTest.java:9)
	at com.revature.daotest.UserDaoTest.<init>(UserDaoTest.java:9)
	at com.revature.daotest.UserDaoTest.<init>(UserDaoTest.java:9)
	at com.revature.daotest.UserDaoTest.<init>(UserDaoTest.java:9)
	at com.revature.daotest.UserDaoTest.<init>(UserDaoTest.java:9)
	at com.revature.daotest.UserDaoTest.<init>(UserDaoTest.java:9)
	at com.revature.daotest.UserDaoTest.<init>(UserDaoTest.java:9)
	at com.revature.daotest.UserDaoTest.<init>(UserDaoTest.java:9)
	at com.revature.daotest.UserDaoTest.<init>(UserDaoTest.java:9)
	at com.revature.daotest.UserDaoTest.<init>(UserDaoTest.java:9)
	at com.revature.daotest.UserDaoTest.<init>(UserDaoTest.java:9)
	at com.revature.daotest.UserDaoTest.<init>(UserDaoTest.java:9)
	at com.revature.daotest.UserDaoTest.<init>(UserDaoTest.java:9)
	at com.revature.daotest.UserDaoTest.<init>(UserDaoTest.java:9)
	at com.revature.daotest.UserDaoTest.<init>(UserDaoTest.java:9)
	at com.revature.daotest.UserDaoTest.<init>(UserDaoTest.java:9)
	at com.revature.daotest.UserDaoTest.<init>(UserDaoTest.java:9)
	at com.revature.daotest.UserDaoTest.<init>(UserDaoTest.java:9)
	at com.revature.daotest.UserDaoTest.<init>(UserDaoTest.java:9)
	at com.revature.daotest.UserDaoTest.<init>(UserDaoTest.java:9)
	at com.revature.daotest.UserDaoTest.<init>(UserDaoTest.java:9)
	at com.revature.daotest.UserDaoTest.<init>(UserDaoTest.java:9)
	at com.revature.daotest.UserDaoTest.<init>(UserDaoTest.java:9)
	at com.revature.daotest.UserDaoTest.<init>(UserDaoTest.java:9)
	at com.revature.daotest.UserDaoTest.<init>(UserDaoTest.java:9)
	at com.revature.daotest.UserDaoTest.<init>(UserDaoTest.java:9)
	at com.revature.daotest.UserDaoTest.<init>(UserDaoTest.java:9)
	at com.revature.daotest.UserDaoTest.<init>(UserDaoTest.java:9)
	at com.revature.daotest.UserDaoTest.<init>(UserDaoTest.java:9)
	at com.revature.daotest.UserDaoTest.<init>(UserDaoTest.java:9)
	at com.revature.daotest.UserDaoTest.<init>(UserDaoTest.java:9)
	at com.revature.daotest.UserDaoTest.<init>(UserDaoTest.java:9)
	at com.revature.daotest.UserDaoTest.<init>(UserDaoTest.java:9)
	at com.revature.daotest.UserDaoTest.<init>(UserDaoTest.java:9)
	at com.revature.daotest.UserDaoTest.<init>(UserDaoTest.java:9)
	at com.revature.daotest.UserDaoTest.<init>(UserDaoTest.java:9)
	at com.revature.daotest.UserDaoTest.<init>(UserDaoTest.java:9)
	at com.revature.daotest.UserDaoTest.<init>(UserDaoTest.java:9)
	at com.revature.daotest.UserDaoTest.<init>(UserDaoTest.java:9)
	at com.revature.daotest.UserDaoTest.<init>(UserDaoTest.java:9)
	at com.revature.daotest.UserDaoTest.<init>(UserDaoTest.java:9)
	at com.revature.daotest.UserDaoTest.<init>(UserDaoTest.java:9)
	at com.revature.daotest.UserDaoTest.<init>(UserDaoTest.java:9)
	at com.revature.daotest.UserDaoTest.<init>(UserDaoTest.java:9)
	at com.revature.daotest.UserDaoTest.<init>(UserDaoTest.java:9)
	at com.revature.daotest.UserDaoTest.<init>(UserDaoTest.java:9)
	at com.revature.daotest.UserDaoTest.<init>(UserDaoTest.java:9)
	at com.revature.daotest.UserDaoTest.<init>(UserDaoTest.java:9)
	at com.revature.daotest.UserDaoTest.<init>(UserDaoTest.java:9)
	at com.revature.daotest.UserDaoTest.<init>(UserDaoTest.java:9)
	at com.revature.daotest.UserDaoTest.<init>(UserDaoTest.java:9)
	at com.revature.daotest.UserDaoTest.<init>(UserDaoTest.java:9)
	at com.revature.daotest.UserDaoTest.<init>(UserDaoTest.java:9)
	at com.revature.daotest.UserDaoTest.<init>(UserDaoTest.java:9)
	at com.revature.daotest.UserDaoTest.<init>(UserDaoTest.java:9)
	at com.revature.daotest.UserDaoTest.<init>(UserDaoTest.java:9)
	at com.revature.daotest.UserDaoTest.<init>(UserDaoTest.java:9)
	at com.revature.daotest.UserDaoTest.<init>(UserDaoTest.java:9)
	at com.revature.daotest.UserDaoTest.<init>(UserDaoTest.java:9)
	at com.revature.daotest.UserDaoTest.<init>(UserDaoTest.java:9)
	at com.revature.daotest.UserDaoTest.<init>(UserDaoTest.java:9)
	at com.revature.daotest.UserDaoTest.<init>(UserDaoTest.java:9)
	at com.revature.daotest.UserDaoTest.<init>(UserDaoTest.java:9)
	at com.revature.daotest.UserDaoTest.<init>(UserDaoTest.java:9)
	at com.revature.daotest.UserDaoTest.<init>(UserDaoTest.java:9)
	at com.revature.daotest.UserDaoTest.<init>(UserDaoTest.java:9)
	at com.revature.daotest.UserDaoTest.<init>(UserDaoTest.java:9)
	at com.revature.daotest.UserDaoTest.<init>(UserDaoTest.java:9)
	at com.revature.daotest.UserDaoTest.<init>(UserDaoTest.java:9)
	at com.revature.daotest.UserDaoTest.<init>(UserDaoTest.java:9)
	at com.revature.daotest.UserDaoTest.<init>(UserDaoTest.java:9)
	at com.revature.daotest.UserDaoTest.<init>(UserDaoTest.java:9)
	at com.revature.daotest.UserDaoTest.<init>(UserDaoTest.java:9)
	at com.revature.daotest.UserDaoTest.<init>(UserDaoTest.java:9)
	at com.revature.daotest.UserDaoTest.<init>(UserDaoTest.java:9)
	at com.revature.daotest.UserDaoTest.<init>(UserDaoTest.java:9)
	at com.revature.daotest.UserDaoTest.<init>(UserDaoTest.java:9)
	at com.revature.daotest.UserDaoTest.<init>(UserDaoTest.java:9)
	at com.revature.daotest.UserDaoTest.<init>(UserDaoTest.java:9)
	at com.revature.daotest.UserDaoTest.<init>(UserDaoTest.java:9)
	at com.revature.daotest.UserDaoTest.<init>(UserDaoTest.java:9)
	at com.revature.daotest.UserDaoTest.<init>(UserDaoTest.java:9)
	at com.revature.daotest.UserDaoTest.<init>(UserDaoTest.java:9)
	at com.revature.daotest.UserDaoTest.<init>(UserDaoTest.java:9)
	at com.revature.daotest.UserDaoTest.<init>(UserDaoTest.java:9)
	at com.revature.daotest.UserDaoTest.<init>(UserDaoTest.java:9)
	at com.revature.daotest.UserDaoTest.<init>(UserDaoTest.java:9)
	at com.revature.daotest.UserDaoTest.<init>(UserDaoTest.java:9)
	at com.revature.daotest.UserDaoTest.<init>(UserDaoTest.java:9)
	at com.revature.daotest.UserDaoTest.<init>(UserDaoTest.java:9)
	at com.revature.daotest.UserDaoTest.<init>(UserDaoTest.java:9)
	at com.revature.daotest.UserDaoTest.<init>(UserDaoTest.java:9)
	at com.revature.daotest.UserDaoTest.<init>(UserDaoTest.java:9)
	at com.revature.daotest.UserDaoTest.<init>(UserDaoTest.java:9)
	at com.revature.daotest.UserDaoTest.<init>(UserDaoTest.java:9)
	at com.revature.daotest.UserDaoTest.<init>(UserDaoTest.java:9)
	at com.revature.daotest.UserDaoTest.<init>(UserDaoTest.java:9)
	at com.revature.daotest.UserDaoTest.<init>(UserDaoTest.java:9)
	at com.revature.daotest.UserDaoTest.<init>(UserDaoTest.java:9)
	at com.revature.daotest.UserDaoTest.<init>(UserDaoTest.java:9)
	at com.revature.daotest.UserDaoTest.<init>(UserDaoTest.java:9)
	at com.revature.daotest.UserDaoTest.<init>(UserDaoTest.java:9)
	at com.revature.daotest.UserDaoTest.<init>(UserDaoTest.java:9)
	at com.revature.daotest.UserDaoTest.<init>(UserDaoTest.java:9)
	at com.revature.daotest.UserDaoTest.<init>(UserDaoTest.java:9)
	at com.revature.daotest.UserDaoTest.<init>(UserDaoTest.java:9)
	at com.revature.daotest.UserDaoTest.<init>(UserDaoTest.java:9)
	at com.revature.daotest.UserDaoTest.<init>(UserDaoTest.java:9)
	at com.revature.daotest.UserDaoTest.<init>(UserDaoTest.java:9)
	at com.revature.daotest.UserDaoTest.<init>(UserDaoTest.java:9)
	at com.revature.daotest.UserDaoTest.<init>(UserDaoTest.java:9)
	at com.revature.daotest.UserDaoTest.<init>(UserDaoTest.java:9)
	at com.revature.daotest.UserDaoTest.<init>(UserDaoTest.java:9)
	at com.revature.daotest.UserDaoTest.<init>(UserDaoTest.java:9)
	at com.revature.daotest.UserDaoTest.<init>(UserDaoTest.java:9)
	at com.revature.daotest.UserDaoTest.<init>(UserDaoTest.java:9)
	at com.revature.daotest.UserDaoTest.<init>(UserDaoTest.java:9)
	at com.revature.daotest.UserDaoTest.<init>(UserDaoTest.java:9)
	at com.revature.daotest.UserDaoTest.<init>(UserDaoTest.java:9)
	at com.revature.daotest.UserDaoTest.<init>(UserDaoTest.java:9)
	at com.revature.daotest.UserDaoTest.<init>(UserDaoTest.java:9)
	at com.revature.daotest.UserDaoTest.<init>(UserDaoTest.java:9)
	at com.revature.daotest.UserDaoTest.<init>(UserDaoTest.java:9)
	at com.revature.daotest.UserDaoTest.<init>(UserDaoTest.java:9)
	at com.revature.daotest.UserDaoTest.<init>(UserDaoTest.java:9)
	at com.revature.daotest.UserDaoTest.<init>(UserDaoTest.java:9)
	at com.revature.daotest.UserDaoTest.<init>(UserDaoTest.java:9)
	at com.revature.daotest.UserDaoTest.<init>(UserDaoTest.java:9)
	at com.revature.daotest.UserDaoTest.<init>(UserDaoTest.java:9)
	at com.revature.daotest.UserDaoTest.<init>(UserDaoTest.java:9)
	at com.revature.daotest.UserDaoTest.<init>(UserDaoTest.java:9)
	at com.revature.daotest.UserDaoTest.<init>(UserDaoTest.java:9)
	at com.revature.daotest.UserDaoTest.<init>(UserDaoTest.java:9)
	at com.revature.daotest.UserDaoTest.<init>(UserDaoTest.java:9)
	at com.revature.daotest.UserDaoTest.<init>(UserDaoTest.java:9)
	at com.revature.daotest.UserDaoTest.<init>(UserDaoTest.java:9)
	at com.revature.daotest.UserDaoTest.<init>(UserDaoTest.java:9)
	at com.revature.daotest.UserDaoTest.<init>(UserDaoTest.java:9)
	at com.revature.daotest.UserDaoTest.<init>(UserDaoTest.java:9)
	at com.revature.daotest.UserDaoTest.<init>(UserDaoTest.java:9)
	at com.revature.daotest.UserDaoTest.<init>(UserDaoTest.java:9)
	at com.revature.daotest.UserDaoTest.<init>(UserDaoTest.java:9)
	at com.revature.daotest.UserDaoTest.<init>(UserDaoTest.java:9)
	at com.revature.daotest.UserDaoTest.<init>(UserDaoTest.java:9)
	at com.revature.daotest.UserDaoTest.<init>(UserDaoTest.java:9)
	at com.revature.daotest.UserDaoTest.<init>(UserDaoTest.java:9)
	at com.revature.daotest.UserDaoTest.<init>(UserDaoTest.java:9)
	at com.revature.daotest.UserDaoTest.<init>(UserDaoTest.java:9)
	at com.revature.daotest.UserDaoTest.<init>(UserDaoTest.java:9)
	at com.revature.daotest.UserDaoTest.<init>(UserDaoTest.java:9)
	at com.revature.daotest.UserDaoTest.<init>(UserDaoTest.java:9)
	at com.revature.daotest.UserDaoTest.<init>(UserDaoTest.java:9)
	at com.revature.daotest.UserDaoTest.<init>(UserDaoTest.java:9)
	at com.revature.daotest.UserDaoTest.<init>(UserDaoTest.java:9)
	at com.revature.daotest.UserDaoTest.<init>(UserDaoTest.java:9)
	at com.revature.daotest.UserDaoTest.<init>(UserDaoTest.java:9)
	at com.revature.daotest.UserDaoTest.<init>(UserDaoTest.java:9)
	at com.revature.daotest.UserDaoTest.<init>(UserDaoTest.java:9)
	at com.revature.daotest.UserDaoTest.<init>(UserDaoTest.java:9)
	at com.revature.daotest.UserDaoTest.<init>(UserDaoTest.java:9)
	at com.revature.daotest.UserDaoTest.<init>(UserDaoTest.java:9)
	at com.revature.daotest.UserDaoTest.<init>(UserDaoTest.java:9)
	at com.revature.daotest.UserDaoTest.<init>(UserDaoTest.java:9)
	at com.revature.daotest.UserDaoTest.<init>(UserDaoTest.java:9)
	at com.revature.daotest.UserDaoTest.<init>(UserDaoTest.java:9)
	at com.revature.daotest.UserDaoTest.<init>(UserDaoTest.java:9)
	at com.revature.daotest.UserDaoTest.<init>(UserDaoTest.java:9)
	at com.revature.daotest.UserDaoTest.<init>(UserDaoTest.java:9)
	at com.revature.daotest.UserDaoTest.<init>(UserDaoTest.java:9)
	at com.revature.daotest.UserDaoTest.<init>(UserDaoTest.java:9)
	at com.revature.daotest.UserDaoTest.<init>(UserDaoTest.java:9)
	at com.revature.daotest.UserDaoTest.<init>(UserDaoTest.java:9)
	at com.revature.daotest.UserDaoTest.<init>(UserDaoTest.java:9)
	at com.revature.daotest.UserDaoTest.<init>(UserDaoTest.java:9)
	at com.revature.daotest.UserDaoTest.<init>(UserDaoTest.java:9)
	at com.revature.daotest.UserDaoTest.<init>(UserDaoTest.java:9)
	at com.revature.daotest.UserDaoTest.<init>(UserDaoTest.java:9)
	at com.revature.daotest.UserDaoTest.<init>(UserDaoTest.java:9)
	at com.revature.daotest.UserDaoTest.<init>(UserDaoTest.java:9)
	at com.revature.daotest.UserDaoTest.<init>(UserDaoTest.java:9)
	at com.revature.daotest.UserDaoTest.<init>(UserDaoTest.java:9)
	at com.revature.daotest.UserDaoTest.<init>(UserDaoTest.java:9)
	at com.revature.daotest.UserDaoTest.<init>(UserDaoTest.java:9)
	at com.revature.daotest.UserDaoTest.<init>(UserDaoTest.java:9)
	at com.revature.daotest.UserDaoTest.<init>(UserDaoTest.java:9)
	at com.revature.daotest.UserDaoTest.<init>(UserDaoTest.java:9)
	at com.revature.daotest.UserDaoTest.<init>(UserDaoTest.java:9)
	at com.revature.daotest.UserDaoTest.<init>(UserDaoTest.java:9)
	at com.revature.daotest.UserDaoTest.<init>(UserDaoTest.java:9)
	at com.revature.daotest.UserDaoTest.<init>(UserDaoTest.java:9)
	at com.revature.daotest.UserDaoTest.<init>(UserDaoTest.java:9)
	at com.revature.daotest.UserDaoTest.<init>(UserDaoTest.java:9)
	at com.revature.daotest.UserDaoTest.<init>(UserDaoTest.java:9)
	at com.revature.daotest.UserDaoTest.<init>(UserDaoTest.java:9)
	at com.revature.daotest.UserDaoTest.<init>(UserDaoTest.java:9)
	at com.revature.daotest.UserDaoTest.<init>(UserDaoTest.java:9)
	at com.revature.daotest.UserDaoTest.<init>(UserDaoTest.java:9)
	at com.revature.daotest.UserDaoTest.<init>(UserDaoTest.java:9)
	at com.revature.daotest.UserDaoTest.<init>(UserDaoTest.java:9)
	at com.revature.daotest.UserDaoTest.<init>(UserDaoTest.java:9)
	at com.revature.daotest.UserDaoTest.<init>(UserDaoTest.java:9)
	at com.revature.daotest.UserDaoTest.<init>(UserDaoTest.java:9)
	at com.revature.daotest.UserDaoTest.<init>(UserDaoTest.java:9)
	at com.revature.daotest.UserDaoTest.<init>(UserDaoTest.java:9)
	at com.revature.daotest.UserDaoTest.<init>(UserDaoTest.java:9)
	at com.revature.daotest.UserDaoTest.<init>(UserDaoTest.java:9)
	at com.revature.daotest.UserDaoTest.<init>(UserDaoTest.java:9)
	at com.revature.daotest.UserDaoTest.<init>(UserDaoTest.java:9)
	at com.revature.daotest.UserDaoTest.<init>(UserDaoTest.java:9)
	at com.revature.daotest.UserDaoTest.<init>(UserDaoTest.java:9)
	at com.revature.daotest.UserDaoTest.<init>(UserDaoTest.java:9)
	at com.revature.daotest.UserDaoTest.<init>(UserDaoTest.java:9)
	at com.revature.daotest.UserDaoTest.<init>(UserDaoTest.java:9)
	at com.revature.daotest.UserDaoTest.<init>(UserDaoTest.java:9)
	at com.revature.daotest.UserDaoTest.<init>(UserDaoTest.java:9)
	at com.revature.daotest.UserDaoTest.<init>(UserDaoTest.java:9)
	at com.revature.daotest.UserDaoTest.<init>(UserDaoTest.java:9)
	at com.revature.daotest.UserDaoTest.<init>(UserDaoTest.java:9)
	at com.revature.daotest.UserDaoTest.<init>(UserDaoTest.java:9)
	at com.revature.daotest.UserDaoTest.<init>(UserDaoTest.java:9)
	at com.revature.daotest.UserDaoTest.<init>(UserDaoTest.java:9)
	at com.revature.daotest.UserDaoTest.<init>(UserDaoTest.java:9)
	at com.revature.daotest.UserDaoTest.<init>(UserDaoTest.java:9)
	at com.revature.daotest.UserDaoTest.<init>(UserDaoTest.java:9)
	at com.revature.daotest.UserDaoTest.<init>(UserDaoTest.java:9)
	at com.revature.daotest.UserDaoTest.<init>(UserDaoTest.java:9)
	at com.revature.daotest.UserDaoTest.<init>(UserDaoTest.java:9)
	at com.revature.daotest.UserDaoTest.<init>(UserDaoTest.java:9)
	at com.revature.daotest.UserDaoTest.<init>(UserDaoTest.java:9)
	at com.revature.daotest.UserDaoTest.<init>(UserDaoTest.java:9)
	at com.revature.daotest.UserDaoTest.<init>(UserDaoTest.java:9)
	at com.revature.daotest.UserDaoTest.<init>(UserDaoTest.java:9)
	at com.revature.daotest.UserDaoTest.<init>(UserDaoTest.java:9)
	at com.revature.daotest.UserDaoTest.<init>(UserDaoTest.java:9)
	at com.revature.daotest.UserDaoTest.<init>(UserDaoTest.java:9)
	at com.revature.daotest.UserDaoTest.<init>(UserDaoTest.java:9)
	at com.revature.daotest.UserDaoTest.<init>(UserDaoTest.java:9)
	at com.revature.daotest.UserDaoTest.<init>(UserDaoTest.java:9)
	at com.revature.daotest.UserDaoTest.<init>(UserDaoTest.java:9)
	at com.revature.daotest.UserDaoTest.<init>(UserDaoTest.java:9)
	at com.revature.daotest.UserDaoTest.<init>(UserDaoTest.java:9)
	at com.revature.daotest.UserDaoTest.<init>(UserDaoTest.java:9)
	at com.revature.daotest.UserDaoTest.<init>(UserDaoTest.java:9)
	at com.revature.daotest.UserDaoTest.<init>(UserDaoTest.java:9)
	at com.revature.daotest.UserDaoTest.<init>(UserDaoTest.java:9)
	at com.revature.daotest.UserDaoTest.<init>(UserDaoTest.java:9)
	at com.revature.daotest.UserDaoTest.<init>(UserDaoTest.java:9)
	at com.revature.daotest.UserDaoTest.<init>(UserDaoTest.java:9)
	at com.revature.daotest.UserDaoTest.<init>(UserDaoTest.java:9)
	at com.revature.daotest.UserDaoTest.<init>(UserDaoTest.java:9)
	at com.revature.daotest.UserDaoTest.<init>(UserDaoTest.java:9)
	at com.revature.daotest.UserDaoTest.<init>(UserDaoTest.java:9)
	at com.revature.daotest.UserDaoTest.<init>(UserDaoTest.java:9)
	at com.revature.daotest.UserDaoTest.<init>(UserDaoTest.java:9)
	at com.revature.daotest.UserDaoTest.<init>(UserDaoTest.java:9)
	at com.revature.daotest.UserDaoTest.<init>(UserDaoTest.java:9)
	at com.revature.daotest.UserDaoTest.<init>(UserDaoTest.java:9)
	at com.revature.daotest.UserDaoTest.<init>(UserDaoTest.java:9)
	at com.revature.daotest.UserDaoTest.<init>(UserDaoTest.java:9)
	at com.revature.daotest.UserDaoTest.<init>(UserDaoTest.java:9)
	at com.revature.daotest.UserDaoTest.<init>(UserDaoTest.java:9)
	at com.revature.daotest.UserDaoTest.<init>(UserDaoTest.java:9)
	at com.revature.daotest.UserDaoTest.<init>(UserDaoTest.java:9)
	at com.revature.daotest.UserDaoTest.<init>(UserDaoTest.java:9)
	at com.revature.daotest.UserDaoTest.<init>(UserDaoTest.java:9)
	at com.revature.daotest.UserDaoTest.<init>(UserDaoTest.java:9)
	at com.revature.daotest.UserDaoTest.<init>(UserDaoTest.java:9)
	at com.revature.daotest.UserDaoTest.<init>(UserDaoTest.java:9)
	at com.revature.daotest.UserDaoTest.<init>(UserDaoTest.java:9)
	at com.revature.daotest.UserDaoTest.<init>(UserDaoTest.java:9)
	at com.revature.daotest.UserDaoTest.<init>(UserDaoTest.java:9)
	at com.revature.daotest.UserDaoTest.<init>(UserDaoTest.java:9)
	at com.revature.daotest.UserDaoTest.<init>(UserDaoTest.java:9)
	at com.revature.daotest.UserDaoTest.<init>(UserDaoTest.java:9)
	at com.revature.daotest.UserDaoTest.<init>(UserDaoTest.java:9)
	at com.revature.daotest.UserDaoTest.<init>(UserDaoTest.java:9)
	at com.revature.daotest.UserDaoTest.<init>(UserDaoTest.java:9)
	at com.revature.daotest.UserDaoTest.<init>(UserDaoTest.java:9)
	at com.revature.daotest.UserDaoTest.<init>(UserDaoTest.java:9)
	at com.revature.daotest.UserDaoTest.<init>(UserDaoTest.java:9)
	at com.revature.daotest.UserDaoTest.<init>(UserDaoTest.java:9)
	at com.revature.daotest.UserDaoTest.<init>(UserDaoTest.java:9)
	at com.revature.daotest.UserDaoTest.<init>(UserDaoTest.java:9)
	at com.revature.daotest.UserDaoTest.<init>(UserDaoTest.java:9)
	at com.revature.daotest.UserDaoTest.<init>(UserDaoTest.java:9)
	at com.revature.daotest.UserDaoTest.<init>(UserDaoTest.java:9)
	at com.revature.daotest.UserDaoTest.<init>(UserDaoTest.java:9)
	at com.revature.daotest.UserDaoTest.<init>(UserDaoTest.java:9)
	at com.revature.daotest.UserDaoTest.<init>(UserDaoTest.java:9)
	at com.revature.daotest.UserDaoTest.<init>(UserDaoTest.java:9)
	at com.revature.daotest.UserDaoTest.<init>(UserDaoTest.java:9)
	at com.revature.daotest.UserDaoTest.<init>(UserDaoTest.java:9)
	at com.revature.daotest.UserDaoTest.<init>(UserDaoTest.java:9)
	at com.revature.daotest.UserDaoTest.<init>(UserDaoTest.java:9)
	at com.revature.daotest.UserDaoTest.<init>(UserDaoTest.java:9)
	at com.revature.daotest.UserDaoTest.<init>(UserDaoTest.java:9)
	at com.revature.daotest.UserDaoTest.<init>(UserDaoTest.java:9)
	at com.revature.daotest.UserDaoTest.<init>(UserDaoTest.java:9)
	at com.revature.daotest.UserDaoTest.<init>(UserDaoTest.java:9)
	at com.revature.daotest.UserDaoTest.<init>(UserDaoTest.java:9)
	at com.revature.daotest.UserDaoTest.<init>(UserDaoTest.java:9)
	at com.revature.daotest.UserDaoTest.<init>(UserDaoTest.java:9)
	at com.revature.daotest.UserDaoTest.<init>(UserDaoTest.java:9)
	at com.revature.daotest.UserDaoTest.<init>(UserDaoTest.java:9)
	at com.revature.daotest.UserDaoTest.<init>(UserDaoTest.java:9)
	at com.revature.daotest.UserDaoTest.<init>(UserDaoTest.java:9)
	at com.revature.daotest.UserDaoTest.<init>(UserDaoTest.java:9)
	at com.revature.daotest.UserDaoTest.<init>(UserDaoTest.java:9)
	at com.revature.daotest.UserDaoTest.<init>(UserDaoTest.java:9)
	at com.revature.daotest.UserDaoTest.<init>(UserDaoTest.java:9)
	at com.revature.daotest.UserDaoTest.<init>(UserDaoTest.java:9)
	at com.revature.daotest.UserDaoTest.<init>(UserDaoTest.java:9)
	at com.revature.daotest.UserDaoTest.<init>(UserDaoTest.java:9)
	at com.revature.daotest.UserDaoTest.<init>(UserDaoTest.java:9)
	at com.revature.daotest.UserDaoTest.<init>(UserDaoTest.java:9)
	at com.revature.daotest.UserDaoTest.<init>(UserDaoTest.java:9)
	at com.revature.daotest.UserDaoTest.<init>(UserDaoTest.java:9)
	at com.revature.daotest.UserDaoTest.<init>(UserDaoTest.java:9)
	at com.revature.daotest.UserDaoTest.<init>(UserDaoTest.java:9)
	at com.revature.daotest.UserDaoTest.<init>(UserDaoTest.java:9)
	at com.revature.daotest.UserDaoTest.<init>(UserDaoTest.java:9)
	at com.revature.daotest.UserDaoTest.<init>(UserDaoTest.java:9)
	at com.revature.daotest.UserDaoTest.<init>(UserDaoTest.java:9)
	at com.revature.daotest.UserDaoTest.<init>(UserDaoTest.java:9)
	at com.revature.daotest.UserDaoTest.<init>(UserDaoTest.java:9)
	at com.revature.daotest.UserDaoTest.<init>(UserDaoTest.java:9)
	at com.revature.daotest.UserDaoTest.<init>(UserDaoTest.java:9)
	at com.revature.daotest.UserDaoTest.<init>(UserDaoTest.java:9)
	at com.revature.daotest.UserDaoTest.<init>(UserDaoTest.java:9)
	at com.revature.daotest.UserDaoTest.<init>(UserDaoTest.java:9)
	at com.revature.daotest.UserDaoTest.<init>(UserDaoTest.java:9)
	at com.revature.daotest.UserDaoTest.<init>(UserDaoTest.java:9)
	at com.revature.daotest.UserDaoTest.<init>(UserDaoTest.java:9)
	at com.revature.daotest.UserDaoTest.<init>(UserDaoTest.java:9)
	at com.revature.daotest.UserDaoTest.<init>(UserDaoTest.java:9)
	at com.revature.daotest.UserDaoTest.<init>(UserDaoTest.java:9)
	at com.revature.daotest.UserDaoTest.<init>(UserDaoTest.java:9)
	at com.revature.daotest.UserDaoTest.<init>(UserDaoTest.java:9)
	at com.revature.daotest.UserDaoTest.<init>(UserDaoTest.java:9)
	at com.revature.daotest.UserDaoTest.<init>(UserDaoTest.java:9)
	at com.revature.daotest.UserDaoTest.<init>(UserDaoTest.java:9)
	at com.revature.daotest.UserDaoTest.<init>(UserDaoTest.java:9)
	at com.revature.daotest.UserDaoTest.<init>(UserDaoTest.java:9)
	at com.revature.daotest.UserDaoTest.<init>(UserDaoTest.java:9)
	at com.revature.daotest.UserDaoTest.<init>(UserDaoTest.java:9)
	at com.revature.daotest.UserDaoTest.<init>(UserDaoTest.java:9)
	at com.revature.daotest.UserDaoTest.<init>(UserDaoTest.java:9)
	at com.revature.daotest.UserDaoTest.<init>(UserDaoTest.java:9)
	at com.revature.daotest.UserDaoTest.<init>(UserDaoTest.java:9)
	at com.revature.daotest.UserDaoTest.<init>(UserDaoTest.java:9)
	at com.revature.daotest.UserDaoTest.<init>(UserDaoTest.java:9)
	at com.revature.daotest.UserDaoTest.<init>(UserDaoTest.java:9)
	at com.revature.daotest.UserDaoTest.<init>(UserDaoTest.java:9)
	at com.revature.daotest.UserDaoTest.<init>(UserDaoTest.java:9)
	at com.revature.daotest.UserDaoTest.<init>(UserDaoTest.java:9)
	at com.revature.daotest.UserDaoTest.<init>(UserDaoTest.java:9)
	at com.revature.daotest.UserDaoTest.<init>(UserDaoTest.java:9)
	at com.revature.daotest.UserDaoTest.<init>(UserDaoTest.java:9)
	at com.revature.daotest.UserDaoTest.<init>(UserDaoTest.java:9)
	at com.revature.daotest.UserDaoTest.<init>(UserDaoTest.java:9)
	at com.revature.daotest.UserDaoTest.<init>(UserDaoTest.java:9)
	at com.revature.daotest.UserDaoTest.<init>(UserDaoTest.java:9)
	at com.revature.daotest.UserDaoTest.<init>(UserDaoTest.java:9)
	at com.revature.daotest.UserDaoTest.<init>(UserDaoTest.java:9)
	at com.revature.daotest.UserDaoTest.<init>(UserDaoTest.java:9)
	at com.revature.daotest.UserDaoTest.<init>(UserDaoTest.java:9)
	at com.revature.daotest.UserDaoTest.<init>(UserDaoTest.java:9)
	at com.revature.daotest.UserDaoTest.<init>(UserDaoTest.java:9)
	at com.revature.daotest.UserDaoTest.<init>(UserDaoTest.java:9)
	at com.revature.daotest.UserDaoTest.<init>(UserDaoTest.java:9)
	at com.revature.daotest.UserDaoTest.<init>(UserDaoTest.java:9)
	at com.revature.daotest.UserDaoTest.<init>(UserDaoTest.java:9)
	at com.revature.daotest.UserDaoTest.<init>(UserDaoTest.java:9)
	at com.revature.daotest.UserDaoTest.<init>(UserDaoTest.java:9)
	at com.revature.daotest.UserDaoTest.<init>(UserDaoTest.java:9)
	at com.revature.daotest.UserDaoTest.<init>(UserDaoTest.java:9)
	at com.revature.daotest.UserDaoTest.<init>(UserDaoTest.java:9)
	at com.revature.daotest.UserDaoTest.<init>(UserDaoTest.java:9)
	at com.revature.daotest.UserDaoTest.<init>(UserDaoTest.java:9)
	at com.revature.daotest.UserDaoTest.<init>(UserDaoTest.java:9)
	at com.revature.daotest.UserDaoTest.<init>(UserDaoTest.java:9)
	at com.revature.daotest.UserDaoTest.<init>(UserDaoTest.java:9)
	at com.revature.daotest.UserDaoTest.<init>(UserDaoTest.java:9)
	at com.revature.daotest.UserDaoTest.<init>(UserDaoTest.java:9)
	at com.revature.daotest.UserDaoTest.<init>(UserDaoTest.java:9)
	at com.revature.daotest.UserDaoTest.<init>(UserDaoTest.java:9)
	at com.revature.daotest.UserDaoTest.<init>(UserDaoTest.java:9)
	at com.revature.daotest.UserDaoTest.<init>(UserDaoTest.java:9)
	at com.revature.daotest.UserDaoTest.<init>(UserDaoTest.java:9)
	at com.revature.daotest.UserDaoTest.<init>(UserDaoTest.java:9)
	at com.revature.daotest.UserDaoTest.<init>(UserDaoTest.java:9)
	at com.revature.daotest.UserDaoTest.<init>(UserDaoTest.java:9)
	at com.revature.daotest.UserDaoTest.<init>(UserDaoTest.java:9)
	at com.revature.daotest.UserDaoTest.<init>(UserDaoTest.java:9)
	at com.revature.daotest.UserDaoTest.<init>(UserDaoTest.java:9)
	at com.revature.daotest.UserDaoTest.<init>(UserDaoTest.java:9)
	at com.revature.daotest.UserDaoTest.<init>(UserDaoTest.java:9)
	at com.revature.daotest.UserDaoTest.<init>(UserDaoTest.java:9)
	at com.revature.daotest.UserDaoTest.<init>(UserDaoTest.java:9)
	at com.revature.daotest.UserDaoTest.<init>(UserDaoTest.java:9)
	at com.revature.daotest.UserDaoTest.<init>(UserDaoTest.java:9)
	at com.revature.daotest.UserDaoTest.<init>(UserDaoTest.java:9)
	at com.revature.daotest.UserDaoTest.<init>(UserDaoTest.java:9)
	at com.revature.daotest.UserDaoTest.<init>(UserDaoTest.java:9)
	at com.revature.daotest.UserDaoTest.<init>(UserDaoTest.java:9)
	at com.revature.daotest.UserDaoTest.<init>(UserDaoTest.java:9)
	at com.revature.daotest.UserDaoTest.<init>(UserDaoTest.java:9)
	at com.revature.daotest.UserDaoTest.<init>(UserDaoTest.java:9)
	at com.revature.daotest.UserDaoTest.<init>(UserDaoTest.java:9)
	at com.revature.daotest.UserDaoTest.<init>(UserDaoTest.java:9)
	at com.revature.daotest.UserDaoTest.<init>(UserDaoTest.java:9)
	at com.revature.daotest.UserDaoTest.<init>(UserDaoTest.java:9)
	at com.revature.daotest.UserDaoTest.<init>(UserDaoTest.java:9)
	at com.revature.daotest.UserDaoTest.<init>(UserDaoTest.java:9)
	at com.revature.daotest.UserDaoTest.<init>(UserDaoTest.java:9)
	at com.revature.daotest.UserDaoTest.<init>(UserDaoTest.java:9)
	at com.revature.daotest.UserDaoTest.<init>(UserDaoTest.java:9)
	at com.revature.daotest.UserDaoTest.<init>(UserDaoTest.java:9)
	at com.revature.daotest.UserDaoTest.<init>(UserDaoTest.java:9)
	at com.revature.daotest.UserDaoTest.<init>(UserDaoTest.java:9)
	at com.revature.daotest.UserDaoTest.<init>(UserDaoTest.java:9)
	at com.revature.daotest.UserDaoTest.<init>(UserDaoTest.java:9)
	at com.revature.daotest.UserDaoTest.<init>(UserDaoTest.java:9)
	at com.revature.daotest.UserDaoTest.<init>(UserDaoTest.java:9)
	at com.revature.daotest.UserDaoTest.<init>(UserDaoTest.java:9)
	at com.revature.daotest.UserDaoTest.<init>(UserDaoTest.java:9)
	at com.revature.daotest.UserDaoTest.<init>(UserDaoTest.java:9)
	at com.revature.daotest.UserDaoTest.<init>(UserDaoTest.java:9)
	at com.revature.daotest.UserDaoTest.<init>(UserDaoTest.java:9)
	at com.revature.daotest.UserDaoTest.<init>(UserDaoTest.java:9)
	at com.revature.daotest.UserDaoTest.<init>(UserDaoTest.java:9)
	at com.revature.daotest.UserDaoTest.<init>(UserDaoTest.java:9)
	at com.revature.daotest.UserDaoTest.<init>(UserDaoTest.java:9)
	at com.revature.daotest.UserDaoTest.<init>(UserDaoTest.java:9)
	at com.revature.daotest.UserDaoTest.<init>(UserDaoTest.java:9)
	at com.revature.daotest.UserDaoTest.<init>(UserDaoTest.java:9)
	at com.revature.daotest.UserDaoTest.<init>(UserDaoTest.java:9)
	at com.revature.daotest.UserDaoTest.<init>(UserDaoTest.java:9)
	at com.revature.daotest.UserDaoTest.<init>(UserDaoTest.java:9)
	at com.revature.daotest.UserDaoTest.<init>(UserDaoTest.java:9)
	at com.revature.daotest.UserDaoTest.<init>(UserDaoTest.java:9)
	at com.revature.daotest.UserDaoTest.<init>(UserDaoTest.java:9)
	at com.revature.daotest.UserDaoTest.<init>(UserDaoTest.java:9)
	at com.revature.daotest.UserDaoTest.<init>(UserDaoTest.java:9)
	at com.revature.daotest.UserDaoTest.<init>(UserDaoTest.java:9)
	at com.revature.daotest.UserDaoTest.<init>(UserDaoTest.java:9)
	at com.revature.daotest.UserDaoTest.<init>(UserDaoTest.java:9)
	at com.revature.daotest.UserDaoTest.<init>(UserDaoTest.java:9)
	at com.revature.daotest.UserDaoTest.<init>(UserDaoTest.java:9)
	at com.revature.daotest.UserDaoTest.<init>(UserDaoTest.java:9)
	at com.revature.daotest.UserDaoTest.<init>(UserDaoTest.java:9)
	at com.revature.daotest.UserDaoTest.<init>(UserDaoTest.java:9)
	at com.revature.daotest.UserDaoTest.<init>(UserDaoTest.java:9)
	at com.revature.daotest.UserDaoTest.<init>(UserDaoTest.java:9)
	at com.revature.daotest.UserDaoTest.<init>(UserDaoTest.java:9)
	at com.revature.daotest.UserDaoTest.<init>(UserDaoTest.java:9)
	at com.revature.daotest.UserDaoTest.<init>(UserDaoTest.java:9)
	at com.revature.daotest.UserDaoTest.<init>(UserDaoTest.java:9)
	at com.revature.daotest.UserDaoTest.<init>(UserDaoTest.java:9)
	at com.revature.daotest.UserDaoTest.<init>(UserDaoTest.java:9)
	at com.revature.daotest.UserDaoTest.<init>(UserDaoTest.java:9)
	at com.revature.daotest.UserDaoTest.<init>(UserDaoTest.java:9)
	at com.revature.daotest.UserDaoTest.<init>(UserDaoTest.java:9)

deleteUser(com.revature.daotest.UserDaoTest)  Time elapsed: 0.001 sec  <<< ERROR!
java.lang.StackOverflowError
	at com.revature.daotest.UserDaoTest.<init>(UserDaoTest.java:9)
	at com.revature.daotest.UserDaoTest.<init>(UserDaoTest.java:9)
	at com.revature.daotest.UserDaoTest.<init>(UserDaoTest.java:9)
	at com.revature.daotest.UserDaoTest.<init>(UserDaoTest.java:9)
	at com.revature.daotest.UserDaoTest.<init>(UserDaoTest.java:9)
	at com.revature.daotest.UserDaoTest.<init>(UserDaoTest.java:9)
	at com.revature.daotest.UserDaoTest.<init>(UserDaoTest.java:9)
	at com.revature.daotest.UserDaoTest.<init>(UserDaoTest.java:9)
	at com.revature.daotest.UserDaoTest.<init>(UserDaoTest.java:9)
	at com.revature.daotest.UserDaoTest.<init>(UserDaoTest.java:9)
	at com.revature.daotest.UserDaoTest.<init>(UserDaoTest.java:9)
	at com.revature.daotest.UserDaoTest.<init>(UserDaoTest.java:9)
	at com.revature.daotest.UserDaoTest.<init>(UserDaoTest.java:9)
	at com.revature.daotest.UserDaoTest.<init>(UserDaoTest.java:9)
	at com.revature.daotest.UserDaoTest.<init>(UserDaoTest.java:9)
	at com.revature.daotest.UserDaoTest.<init>(UserDaoTest.java:9)
	at com.revature.daotest.UserDaoTest.<init>(UserDaoTest.java:9)
	at com.revature.daotest.UserDaoTest.<init>(UserDaoTest.java:9)
	at com.revature.daotest.UserDaoTest.<init>(UserDaoTest.java:9)
	at com.revature.daotest.UserDaoTest.<init>(UserDaoTest.java:9)
	at com.revature.daotest.UserDaoTest.<init>(UserDaoTest.java:9)
	at com.revature.daotest.UserDaoTest.<init>(UserDaoTest.java:9)
	at com.revature.daotest.UserDaoTest.<init>(UserDaoTest.java:9)
	at com.revature.daotest.UserDaoTest.<init>(UserDaoTest.java:9)
	at com.revature.daotest.UserDaoTest.<init>(UserDaoTest.java:9)
	at com.revature.daotest.UserDaoTest.<init>(UserDaoTest.java:9)
	at com.revature.daotest.UserDaoTest.<init>(UserDaoTest.java:9)
	at com.revature.daotest.UserDaoTest.<init>(UserDaoTest.java:9)
	at com.revature.daotest.UserDaoTest.<init>(UserDaoTest.java:9)
	at com.revature.daotest.UserDaoTest.<init>(UserDaoTest.java:9)
	at com.revature.daotest.UserDaoTest.<init>(UserDaoTest.java:9)
	at com.revature.daotest.UserDaoTest.<init>(UserDaoTest.java:9)
	at com.revature.daotest.UserDaoTest.<init>(UserDaoTest.java:9)
	at com.revature.daotest.UserDaoTest.<init>(UserDaoTest.java:9)
	at com.revature.daotest.UserDaoTest.<init>(UserDaoTest.java:9)
	at com.revature.daotest.UserDaoTest.<init>(UserDaoTest.java:9)
	at com.revature.daotest.UserDaoTest.<init>(UserDaoTest.java:9)
	at com.revature.daotest.UserDaoTest.<init>(UserDaoTest.java:9)
	at com.revature.daotest.UserDaoTest.<init>(UserDaoTest.java:9)
	at com.revature.daotest.UserDaoTest.<init>(UserDaoTest.java:9)
	at com.revature.daotest.UserDaoTest.<init>(UserDaoTest.java:9)
	at com.revature.daotest.UserDaoTest.<init>(UserDaoTest.java:9)
	at com.revature.daotest.UserDaoTest.<init>(UserDaoTest.java:9)
	at com.revature.daotest.UserDaoTest.<init>(UserDaoTest.java:9)
	at com.revature.daotest.UserDaoTest.<init>(UserDaoTest.java:9)
	at com.revature.daotest.UserDaoTest.<init>(UserDaoTest.java:9)
	at com.revature.daotest.UserDaoTest.<init>(UserDaoTest.java:9)
	at com.revature.daotest.UserDaoTest.<init>(UserDaoTest.java:9)
	at com.revature.daotest.UserDaoTest.<init>(UserDaoTest.java:9)
	at com.revature.daotest.UserDaoTest.<init>(UserDaoTest.java:9)
	at com.revature.daotest.UserDaoTest.<init>(UserDaoTest.java:9)
	at com.revature.daotest.UserDaoTest.<init>(UserDaoTest.java:9)
	at com.revature.daotest.UserDaoTest.<init>(UserDaoTest.java:9)
	at com.revature.daotest.UserDaoTest.<init>(UserDaoTest.java:9)
	at com.revature.daotest.UserDaoTest.<init>(UserDaoTest.java:9)
	at com.revature.daotest.UserDaoTest.<init>(UserDaoTest.java:9)
	at com.revature.daotest.UserDaoTest.<init>(UserDaoTest.java:9)
	at com.revature.daotest.UserDaoTest.<init>(UserDaoTest.java:9)
	at com.revature.daotest.UserDaoTest.<init>(UserDaoTest.java:9)
	at com.revature.daotest.UserDaoTest.<init>(UserDaoTest.java:9)
	at com.revature.daotest.UserDaoTest.<init>(UserDaoTest.java:9)
	at com.revature.daotest.UserDaoTest.<init>(UserDaoTest.java:9)
	at com.revature.daotest.UserDaoTest.<init>(UserDaoTest.java:9)
	at com.revature.daotest.UserDaoTest.<init>(UserDaoTest.java:9)
	at com.revature.daotest.UserDaoTest.<init>(UserDaoTest.java:9)
	at com.revature.daotest.UserDaoTest.<init>(UserDaoTest.java:9)
	at com.revature.daotest.UserDaoTest.<init>(UserDaoTest.java:9)
	at com.revature.daotest.UserDaoTest.<init>(UserDaoTest.java:9)
	at com.revature.daotest.UserDaoTest.<init>(UserDaoTest.java:9)
	at com.revature.daotest.UserDaoTest.<init>(UserDaoTest.java:9)
	at com.revature.daotest.UserDaoTest.<init>(UserDaoTest.java:9)
	at com.revature.daotest.UserDaoTest.<init>(UserDaoTest.java:9)
	at com.revature.daotest.UserDaoTest.<init>(UserDaoTest.java:9)
	at com.revature.daotest.UserDaoTest.<init>(UserDaoTest.java:9)
	at com.revature.daotest.UserDaoTest.<init>(UserDaoTest.java:9)
	at com.revature.daotest.UserDaoTest.<init>(UserDaoTest.java:9)
	at com.revature.daotest.UserDaoTest.<init>(UserDaoTest.java:9)
	at com.revature.daotest.UserDaoTest.<init>(UserDaoTest.java:9)
	at com.revature.daotest.UserDaoTest.<init>(UserDaoTest.java:9)
	at com.revature.daotest.UserDaoTest.<init>(UserDaoTest.java:9)
	at com.revature.daotest.UserDaoTest.<init>(UserDaoTest.java:9)
	at com.revature.daotest.UserDaoTest.<init>(UserDaoTest.java:9)
	at com.revature.daotest.UserDaoTest.<init>(UserDaoTest.java:9)
	at com.revature.daotest.UserDaoTest.<init>(UserDaoTest.java:9)
	at com.revature.daotest.UserDaoTest.<init>(UserDaoTest.java:9)
	at com.revature.daotest.UserDaoTest.<init>(UserDaoTest.java:9)
	at com.revature.daotest.UserDaoTest.<init>(UserDaoTest.java:9)
	at com.revature.daotest.UserDaoTest.<init>(UserDaoTest.java:9)
	at com.revature.daotest.UserDaoTest.<init>(UserDaoTest.java:9)
	at com.revature.daotest.UserDaoTest.<init>(UserDaoTest.java:9)
	at com.revature.daotest.UserDaoTest.<init>(UserDaoTest.java:9)
	at com.revature.daotest.UserDaoTest.<init>(UserDaoTest.java:9)
	at com.revature.daotest.UserDaoTest.<init>(UserDaoTest.java:9)
	at com.revature.daotest.UserDaoTest.<init>(UserDaoTest.java:9)
	at com.revature.daotest.UserDaoTest.<init>(UserDaoTest.java:9)
	at com.revature.daotest.UserDaoTest.<init>(UserDaoTest.java:9)
	at com.revature.daotest.UserDaoTest.<init>(UserDaoTest.java:9)
	at com.revature.daotest.UserDaoTest.<init>(UserDaoTest.java:9)
	at com.revature.daotest.UserDaoTest.<init>(UserDaoTest.java:9)
	at com.revature.daotest.UserDaoTest.<init>(UserDaoTest.java:9)
	at com.revature.daotest.UserDaoTest.<init>(UserDaoTest.java:9)
	at com.revature.daotest.UserDaoTest.<init>(UserDaoTest.java:9)
	at com.revature.daotest.UserDaoTest.<init>(UserDaoTest.java:9)
	at com.revature.daotest.UserDaoTest.<init>(UserDaoTest.java:9)
	at com.revature.daotest.UserDaoTest.<init>(UserDaoTest.java:9)
	at com.revature.daotest.UserDaoTest.<init>(UserDaoTest.java:9)
	at com.revature.daotest.UserDaoTest.<init>(UserDaoTest.java:9)
	at com.revature.daotest.UserDaoTest.<init>(UserDaoTest.java:9)
	at com.revature.daotest.UserDaoTest.<init>(UserDaoTest.java:9)
	at com.revature.daotest.UserDaoTest.<init>(UserDaoTest.java:9)
	at com.revature.daotest.UserDaoTest.<init>(UserDaoTest.java:9)
	at com.revature.daotest.UserDaoTest.<init>(UserDaoTest.java:9)
	at com.revature.daotest.UserDaoTest.<init>(UserDaoTest.java:9)
	at com.revature.daotest.UserDaoTest.<init>(UserDaoTest.java:9)
	at com.revature.daotest.UserDaoTest.<init>(UserDaoTest.java:9)
	at com.revature.daotest.UserDaoTest.<init>(UserDaoTest.java:9)
	at com.revature.daotest.UserDaoTest.<init>(UserDaoTest.java:9)
	at com.revature.daotest.UserDaoTest.<init>(UserDaoTest.java:9)
	at com.revature.daotest.UserDaoTest.<init>(UserDaoTest.java:9)
	at com.revature.daotest.UserDaoTest.<init>(UserDaoTest.java:9)
	at com.revature.daotest.UserDaoTest.<init>(UserDaoTest.java:9)
	at com.revature.daotest.UserDaoTest.<init>(UserDaoTest.java:9)
	at com.revature.daotest.UserDaoTest.<init>(UserDaoTest.java:9)
	at com.revature.daotest.UserDaoTest.<init>(UserDaoTest.java:9)
	at com.revature.daotest.UserDaoTest.<init>(UserDaoTest.java:9)
	at com.revature.daotest.UserDaoTest.<init>(UserDaoTest.java:9)
	at com.revature.daotest.UserDaoTest.<init>(UserDaoTest.java:9)
	at com.revature.daotest.UserDaoTest.<init>(UserDaoTest.java:9)
	at com.revature.daotest.UserDaoTest.<init>(UserDaoTest.java:9)
	at com.revature.daotest.UserDaoTest.<init>(UserDaoTest.java:9)
	at com.revature.daotest.UserDaoTest.<init>(UserDaoTest.java:9)
	at com.revature.daotest.UserDaoTest.<init>(UserDaoTest.java:9)
	at com.revature.daotest.UserDaoTest.<init>(UserDaoTest.java:9)
	at com.revature.daotest.UserDaoTest.<init>(UserDaoTest.java:9)
	at com.revature.daotest.UserDaoTest.<init>(UserDaoTest.java:9)
	at com.revature.daotest.UserDaoTest.<init>(UserDaoTest.java:9)
	at com.revature.daotest.UserDaoTest.<init>(UserDaoTest.java:9)
	at com.revature.daotest.UserDaoTest.<init>(UserDaoTest.java:9)
	at com.revature.daotest.UserDaoTest.<init>(UserDaoTest.java:9)
	at com.revature.daotest.UserDaoTest.<init>(UserDaoTest.java:9)
	at com.revature.daotest.UserDaoTest.<init>(UserDaoTest.java:9)
	at com.revature.daotest.UserDaoTest.<init>(UserDaoTest.java:9)
	at com.revature.daotest.UserDaoTest.<init>(UserDaoTest.java:9)
	at com.revature.daotest.UserDaoTest.<init>(UserDaoTest.java:9)
	at com.revature.daotest.UserDaoTest.<init>(UserDaoTest.java:9)
	at com.revature.daotest.UserDaoTest.<init>(UserDaoTest.java:9)
	at com.revature.daotest.UserDaoTest.<init>(UserDaoTest.java:9)
	at com.revature.daotest.UserDaoTest.<init>(UserDaoTest.java:9)
	at com.revature.daotest.UserDaoTest.<init>(UserDaoTest.java:9)
	at com.revature.daotest.UserDaoTest.<init>(UserDaoTest.java:9)
	at com.revature.daotest.UserDaoTest.<init>(UserDaoTest.java:9)
	at com.revature.daotest.UserDaoTest.<init>(UserDaoTest.java:9)
	at com.revature.daotest.UserDaoTest.<init>(UserDaoTest.java:9)
	at com.revature.daotest.UserDaoTest.<init>(UserDaoTest.java:9)
	at com.revature.daotest.UserDaoTest.<init>(UserDaoTest.java:9)
	at com.revature.daotest.UserDaoTest.<init>(UserDaoTest.java:9)
	at com.revature.daotest.UserDaoTest.<init>(UserDaoTest.java:9)
	at com.revature.daotest.UserDaoTest.<init>(UserDaoTest.java:9)
	at com.revature.daotest.UserDaoTest.<init>(UserDaoTest.java:9)
	at com.revature.daotest.UserDaoTest.<init>(UserDaoTest.java:9)
	at com.revature.daotest.UserDaoTest.<init>(UserDaoTest.java:9)
	at com.revature.daotest.UserDaoTest.<init>(UserDaoTest.java:9)
	at com.revature.daotest.UserDaoTest.<init>(UserDaoTest.java:9)
	at com.revature.daotest.UserDaoTest.<init>(UserDaoTest.java:9)
	at com.revature.daotest.UserDaoTest.<init>(UserDaoTest.java:9)
	at com.revature.daotest.UserDaoTest.<init>(UserDaoTest.java:9)
	at com.revature.daotest.UserDaoTest.<init>(UserDaoTest.java:9)
	at com.revature.daotest.UserDaoTest.<init>(UserDaoTest.java:9)
	at com.revature.daotest.UserDaoTest.<init>(UserDaoTest.java:9)
	at com.revature.daotest.UserDaoTest.<init>(UserDaoTest.java:9)
	at com.revature.daotest.UserDaoTest.<init>(UserDaoTest.java:9)
	at com.revature.daotest.UserDaoTest.<init>(UserDaoTest.java:9)
	at com.revature.daotest.UserDaoTest.<init>(UserDaoTest.java:9)
	at com.revature.daotest.UserDaoTest.<init>(UserDaoTest.java:9)
	at com.revature.daotest.UserDaoTest.<init>(UserDaoTest.java:9)
	at com.revature.daotest.UserDaoTest.<init>(UserDaoTest.java:9)
	at com.revature.daotest.UserDaoTest.<init>(UserDaoTest.java:9)
	at com.revature.daotest.UserDaoTest.<init>(UserDaoTest.java:9)
	at com.revature.daotest.UserDaoTest.<init>(UserDaoTest.java:9)
	at com.revature.daotest.UserDaoTest.<init>(UserDaoTest.java:9)
	at com.revature.daotest.UserDaoTest.<init>(UserDaoTest.java:9)
	at com.revature.daotest.UserDaoTest.<init>(UserDaoTest.java:9)
	at com.revature.daotest.UserDaoTest.<init>(UserDaoTest.java:9)
	at com.revature.daotest.UserDaoTest.<init>(UserDaoTest.java:9)
	at com.revature.daotest.UserDaoTest.<init>(UserDaoTest.java:9)
	at com.revature.daotest.UserDaoTest.<init>(UserDaoTest.java:9)
	at com.revature.daotest.UserDaoTest.<init>(UserDaoTest.java:9)
	at com.revature.daotest.UserDaoTest.<init>(UserDaoTest.java:9)
	at com.revature.daotest.UserDaoTest.<init>(UserDaoTest.java:9)
	at com.revature.daotest.UserDaoTest.<init>(UserDaoTest.java:9)
	at com.revature.daotest.UserDaoTest.<init>(UserDaoTest.java:9)
	at com.revature.daotest.UserDaoTest.<init>(UserDaoTest.java:9)
	at com.revature.daotest.UserDaoTest.<init>(UserDaoTest.java:9)
	at com.revature.daotest.UserDaoTest.<init>(UserDaoTest.java:9)
	at com.revature.daotest.UserDaoTest.<init>(UserDaoTest.java:9)
	at com.revature.daotest.UserDaoTest.<init>(UserDaoTest.java:9)
	at com.revature.daotest.UserDaoTest.<init>(UserDaoTest.java:9)
	at com.revature.daotest.UserDaoTest.<init>(UserDaoTest.java:9)
	at com.revature.daotest.UserDaoTest.<init>(UserDaoTest.java:9)
	at com.revature.daotest.UserDaoTest.<init>(UserDaoTest.java:9)
	at com.revature.daotest.UserDaoTest.<init>(UserDaoTest.java:9)
	at com.revature.daotest.UserDaoTest.<init>(UserDaoTest.java:9)
	at com.revature.daotest.UserDaoTest.<init>(UserDaoTest.java:9)
	at com.revature.daotest.UserDaoTest.<init>(UserDaoTest.java:9)
	at com.revature.daotest.UserDaoTest.<init>(UserDaoTest.java:9)
	at com.revature.daotest.UserDaoTest.<init>(UserDaoTest.java:9)
	at com.revature.daotest.UserDaoTest.<init>(UserDaoTest.java:9)
	at com.revature.daotest.UserDaoTest.<init>(UserDaoTest.java:9)
	at com.revature.daotest.UserDaoTest.<init>(UserDaoTest.java:9)
	at com.revature.daotest.UserDaoTest.<init>(UserDaoTest.java:9)
	at com.revature.daotest.UserDaoTest.<init>(UserDaoTest.java:9)
	at com.revature.daotest.UserDaoTest.<init>(UserDaoTest.java:9)
	at com.revature.daotest.UserDaoTest.<init>(UserDaoTest.java:9)
	at com.revature.daotest.UserDaoTest.<init>(UserDaoTest.java:9)
	at com.revature.daotest.UserDaoTest.<init>(UserDaoTest.java:9)
	at com.revature.daotest.UserDaoTest.<init>(UserDaoTest.java:9)
	at com.revature.daotest.UserDaoTest.<init>(UserDaoTest.java:9)
[...]
	at com.revature.daotest.UserDaoTest.<init>(UserDaoTest.java:9)
	at com.revature.daotest.UserDaoTest.<init>(UserDaoTest.java:9)
	at com.revature.daotest.UserDaoTest.<init>(UserDaoTest.java:9)
	at com.revature.daotest.UserDaoTest.<init>(UserDaoTest.java:9)
	at com.revature.daotest.UserDaoTest.<init>(UserDaoTest.java:9)
	at com.revature.daotest.UserDaoTest.<init>(UserDaoTest.java:9)
	at com.revature.daotest.UserDaoTest.<init>(UserDaoTest.java:9)
	at com.revature.daotest.UserDaoTest.<init>(UserDaoTest.java:9)
	at com.revature.daotest.UserDaoTest.<init>(UserDaoTest.java:9)
	at com.revature.daotest.UserDaoTest.<init>(UserDaoTest.java:9)
	at com.revature.daotest.UserDaoTest.<init>(UserDaoTest.java:9)
	at com.revature.daotest.UserDaoTest.<init>(UserDaoTest.java:9)
	at com.revature.daotest.UserDaoTest.<init>(UserDaoTest.java:9)
	at com.revature.daotest.UserDaoTest.<init>(UserDaoTest.java:9)
	at com.revature.daotest.UserDaoTest.<init>(UserDaoTest.java:9)
	at com.revature.daotest.UserDaoTest.<init>(UserDaoTest.java:9)
	at com.revature.daotest.UserDaoTest.<init>(UserDaoTest.java:9)
	at com.revature.daotest.UserDaoTest.<init>(UserDaoTest.java:9)
	at com.revature.daotest.UserDaoTest.<init>(UserDaoTest.java:9)
	at com.revature.daotest.UserDaoTest.<init>(UserDaoTest.java:9)
	at com.revature.daotest.UserDaoTest.<init>(UserDaoTest.java:9)
	at com.revature.daotest.UserDaoTest.<init>(UserDaoTest.java:9)
	at com.revature.daotest.UserDaoTest.<init>(UserDaoTest.java:9)
	at com.revature.daotest.UserDaoTest.<init>(UserDaoTest.java:9)
	at com.revature.daotest.UserDaoTest.<init>(UserDaoTest.java:9)
	at com.revature.daotest.UserDaoTest.<init>(UserDaoTest.java:9)
	at com.revature.daotest.UserDaoTest.<init>(UserDaoTest.java:9)
	at com.revature.daotest.UserDaoTest.<init>(UserDaoTest.java:9)
	at com.revature.daotest.UserDaoTest.<init>(UserDaoTest.java:9)
	at com.revature.daotest.UserDaoTest.<init>(UserDaoTest.java:9)
	at com.revature.daotest.UserDaoTest.<init>(UserDaoTest.java:9)
	at com.revature.daotest.UserDaoTest.<init>(UserDaoTest.java:9)
	at com.revature.daotest.UserDaoTest.<init>(UserDaoTest.java:9)
	at com.revature.daotest.UserDaoTest.<init>(UserDaoTest.java:9)
	at com.revature.daotest.UserDaoTest.<init>(UserDaoTest.java:9)
	at com.revature.daotest.UserDaoTest.<init>(UserDaoTest.java:9)
	at com.revature.daotest.UserDaoTest.<init>(UserDaoTest.java:9)
	at com.revature.daotest.UserDaoTest.<init>(UserDaoTest.java:9)
	at com.revature.daotest.UserDaoTest.<init>(UserDaoTest.java:9)
	at com.revature.daotest.UserDaoTest.<init>(UserDaoTest.java:9)
	at com.revature.daotest.UserDaoTest.<init>(UserDaoTest.java:9)
	at com.revature.daotest.UserDaoTest.<init>(UserDaoTest.java:9)
	at com.revature.daotest.UserDaoTest.<init>(UserDaoTest.java:9)
	at com.revature.daotest.UserDaoTest.<init>(UserDaoTest.java:9)
	at com.revature.daotest.UserDaoTest.<init>(UserDaoTest.java:9)
	at com.revature.daotest.UserDaoTest.<init>(UserDaoTest.java:9)
	at com.revature.daotest.UserDaoTest.<init>(UserDaoTest.java:9)
	at com.revature.daotest.UserDaoTest.<init>(UserDaoTest.java:9)
	at com.revature.daotest.UserDaoTest.<init>(UserDaoTest.java:9)
	at com.revature.daotest.UserDaoTest.<init>(UserDaoTest.java:9)
	at com.revature.daotest.UserDaoTest.<init>(UserDaoTest.java:9)
	at com.revature.daotest.UserDaoTest.<init>(UserDaoTest.java:9)
	at com.revature.daotest.UserDaoTest.<init>(UserDaoTest.java:9)
	at com.revature.daotest.UserDaoTest.<init>(UserDaoTest.java:9)
	at com.revature.daotest.UserDaoTest.<init>(UserDaoTest.java:9)
	at com.revature.daotest.UserDaoTest.<init>(UserDaoTest.java:9)
	at com.revature.daotest.UserDaoTest.<init>(UserDaoTest.java:9)
	at com.revature.daotest.UserDaoTest.<init>(UserDaoTest.java:9)
	at com.revature.daotest.UserDaoTest.<init>(UserDaoTest.java:9)
	at com.revature.daotest.UserDaoTest.<init>(UserDaoTest.java:9)
	at com.revature.daotest.UserDaoTest.<init>(UserDaoTest.java:9)
	at com.revature.daotest.UserDaoTest.<init>(UserDaoTest.java:9)
	at com.revature.daotest.UserDaoTest.<init>(UserDaoTest.java:9)
	at com.revature.daotest.UserDaoTest.<init>(UserDaoTest.java:9)
	at com.revature.daotest.UserDaoTest.<init>(UserDaoTest.java:9)
	at com.revature.daotest.UserDaoTest.<init>(UserDaoTest.java:9)
	at com.revature.daotest.UserDaoTest.<init>(UserDaoTest.java:9)
	at com.revature.daotest.UserDaoTest.<init>(UserDaoTest.java:9)
	at com.revature.daotest.UserDaoTest.<init>(UserDaoTest.java:9)
	at com.revature.daotest.UserDaoTest.<init>(UserDaoTest.java:9)
	at com.revature.daotest.UserDaoTest.<init>(UserDaoTest.java:9)
	at com.revature.daotest.UserDaoTest.<init>(UserDaoTest.java:9)
	at com.revature.daotest.UserDaoTest.<init>(UserDaoTest.java:9)
	at com.revature.daotest.UserDaoTest.<init>(UserDaoTest.java:9)
	at com.revature.daotest.UserDaoTest.<init>(UserDaoTest.java:9)
	at com.revature.daotest.UserDaoTest.<init>(UserDaoTest.java:9)
	at com.revature.daotest.UserDaoTest.<init>(UserDaoTest.java:9)
	at com.revature.daotest.UserDaoTest.<init>(UserDaoTest.java:9)
	at com.revature.daotest.UserDaoTest.<init>(UserDaoTest.java:9)
	at com.revature.daotest.UserDaoTest.<init>(UserDaoTest.java:9)
	at com.revature.daotest.UserDaoTest.<init>(UserDaoTest.java:9)
	at com.revature.daotest.UserDaoTest.<init>(UserDaoTest.java:9)
	at com.revature.daotest.UserDaoTest.<init>(UserDaoTest.java:9)
	at com.revature.daotest.UserDaoTest.<init>(UserDaoTest.java:9)
	at com.revature.daotest.UserDaoTest.<init>(UserDaoTest.java:9)
	at com.revature.daotest.UserDaoTest.<init>(UserDaoTest.java:9)
	at com.revature.daotest.UserDaoTest.<init>(UserDaoTest.java:9)
	at com.revature.daotest.UserDaoTest.<init>(UserDaoTest.java:9)
	at com.revature.daotest.UserDaoTest.<init>(UserDaoTest.java:9)
	at com.revature.daotest.UserDaoTest.<init>(UserDaoTest.java:9)
	at com.revature.daotest.UserDaoTest.<init>(UserDaoTest.java:9)
	at com.revature.daotest.UserDaoTest.<init>(UserDaoTest.java:9)
	at com.revature.daotest.UserDaoTest.<init>(UserDaoTest.java:9)
	at com.revature.daotest.UserDaoTest.<init>(UserDaoTest.java:9)
	at com.revature.daotest.UserDaoTest.<init>(UserDaoTest.java:9)
	at com.revature.daotest.UserDaoTest.<init>(UserDaoTest.java:9)
	at com.revature.daotest.UserDaoTest.<init>(UserDaoTest.java:9)
	at com.revature.daotest.UserDaoTest.<init>(UserDaoTest.java:9)
	at com.revature.daotest.UserDaoTest.<init>(UserDaoTest.java:9)
	at com.revature.daotest.UserDaoTest.<init>(UserDaoTest.java:9)
	at com.revature.daotest.UserDaoTest.<init>(UserDaoTest.java:9)
	at com.revature.daotest.UserDaoTest.<init>(UserDaoTest.java:9)
	at com.revature.daotest.UserDaoTest.<init>(UserDaoTest.java:9)
	at com.revature.daotest.UserDaoTest.<init>(UserDaoTest.java:9)
	at com.revature.daotest.UserDaoTest.<init>(UserDaoTest.java:9)
	at com.revature.daotest.UserDaoTest.<init>(UserDaoTest.java:9)
	at com.revature.daotest.UserDaoTest.<init>(UserDaoTest.java:9)
	at com.revature.daotest.UserDaoTest.<init>(UserDaoTest.java:9)
	at com.revature.daotest.UserDaoTest.<init>(UserDaoTest.java:9)
	at com.revature.daotest.UserDaoTest.<init>(UserDaoTest.java:9)
	at com.revature.daotest.UserDaoTest.<init>(UserDaoTest.java:9)
	at com.revature.daotest.UserDaoTest.<init>(UserDaoTest.java:9)
	at com.revature.daotest.UserDaoTest.<init>(UserDaoTest.java:9)
	at com.revature.daotest.UserDaoTest.<init>(UserDaoTest.java:9)
	at com.revature.daotest.UserDaoTest.<init>(UserDaoTest.java:9)
	at com.revature.daotest.UserDaoTest.<init>(UserDaoTest.java:9)
	at com.revature.daotest.UserDaoTest.<init>(UserDaoTest.java:9)
	at com.revature.daotest.UserDaoTest.<init>(UserDaoTest.java:9)
	at com.revature.daotest.UserDaoTest.<init>(UserDaoTest.java:9)
	at com.revature.daotest.UserDaoTest.<init>(UserDaoTest.java:9)
	at com.revature.daotest.UserDaoTest.<init>(UserDaoTest.java:9)
	at com.revature.daotest.UserDaoTest.<init>(UserDaoTest.java:9)
	at com.revature.daotest.UserDaoTest.<init>(UserDaoTest.java:9)
	at com.revature.daotest.UserDaoTest.<init>(UserDaoTest.java:9)
	at com.revature.daotest.UserDaoTest.<init>(UserDaoTest.java:9)
	at com.revature.daotest.UserDaoTest.<init>(UserDaoTest.java:9)
	at com.revature.daotest.UserDaoTest.<init>(UserDaoTest.java:9)
	at com.revature.daotest.UserDaoTest.<init>(UserDaoTest.java:9)
	at com.revature.daotest.UserDaoTest.<init>(UserDaoTest.java:9)
	at com.revature.daotest.UserDaoTest.<init>(UserDaoTest.java:9)
	at com.revature.daotest.UserDaoTest.<init>(UserDaoTest.java:9)
	at com.revature.daotest.UserDaoTest.<init>(UserDaoTest.java:9)
	at com.revature.daotest.UserDaoTest.<init>(UserDaoTest.java:9)
	at com.revature.daotest.UserDaoTest.<init>(UserDaoTest.java:9)
	at com.revature.daotest.UserDaoTest.<init>(UserDaoTest.java:9)
	at com.revature.daotest.UserDaoTest.<init>(UserDaoTest.java:9)
	at com.revature.daotest.UserDaoTest.<init>(UserDaoTest.java:9)
	at com.revature.daotest.UserDaoTest.<init>(UserDaoTest.java:9)
	at com.revature.daotest.UserDaoTest.<init>(UserDaoTest.java:9)
	at com.revature.daotest.UserDaoTest.<init>(UserDaoTest.java:9)
	at com.revature.daotest.UserDaoTest.<init>(UserDaoTest.java:9)
	at com.revature.daotest.UserDaoTest.<init>(UserDaoTest.java:9)
	at com.revature.daotest.UserDaoTest.<init>(UserDaoTest.java:9)
	at com.revature.daotest.UserDaoTest.<init>(UserDaoTest.java:9)
	at com.revature.daotest.UserDaoTest.<init>(UserDaoTest.java:9)
	at com.revature.daotest.UserDaoTest.<init>(UserDaoTest.java:9)
	at com.revature.daotest.UserDaoTest.<init>(UserDaoTest.java:9)
	at com.revature.daotest.UserDaoTest.<init>(UserDaoTest.java:9)
	at com.revature.daotest.UserDaoTest.<init>(UserDaoTest.java:9)
	at com.revature.daotest.UserDaoTest.<init>(UserDaoTest.java:9)
	at com.revature.daotest.UserDaoTest.<init>(UserDaoTest.java:9)
	at com.revature.daotest.UserDaoTest.<init>(UserDaoTest.java:9)
	at com.revature.daotest.UserDaoTest.<init>(UserDaoTest.java:9)
	at com.revature.daotest.UserDaoTest.<init>(UserDaoTest.java:9)
	at com.revature.daotest.UserDaoTest.<init>(UserDaoTest.java:9)
	at com.revature.daotest.UserDaoTest.<init>(UserDaoTest.java:9)
	at com.revature.daotest.UserDaoTest.<init>(UserDaoTest.java:9)
	at com.revature.daotest.UserDaoTest.<init>(UserDaoTest.java:9)
	at com.revature.daotest.UserDaoTest.<init>(UserDaoTest.java:9)
	at com.revature.daotest.UserDaoTest.<init>(UserDaoTest.java:9)
	at com.revature.daotest.UserDaoTest.<init>(UserDaoTest.java:9)
	at com.revature.daotest.UserDaoTest.<init>(UserDaoTest.java:9)
	at com.revature.daotest.UserDaoTest.<init>(UserDaoTest.java:9)
	at com.revature.daotest.UserDaoTest.<init>(UserDaoTest.java:9)
	at com.revature.daotest.UserDaoTest.<init>(UserDaoTest.java:9)
	at com.revature.daotest.UserDaoTest.<init>(UserDaoTest.java:9)
	at com.revature.daotest.UserDaoTest.<init>(UserDaoTest.java:9)
	at com.revature.daotest.UserDaoTest.<init>(UserDaoTest.java:9)
	at com.revature.daotest.UserDaoTest.<init>(UserDaoTest.java:9)
	at com.revature.daotest.UserDaoTest.<init>(UserDaoTest.java:9)
	at com.revature.daotest.UserDaoTest.<init>(UserDaoTest.java:9)
	at com.revature.daotest.UserDaoTest.<init>(UserDaoTest.java:9)
	at com.revature.daotest.UserDaoTest.<init>(UserDaoTest.java:9)
	at com.revature.daotest.UserDaoTest.<init>(UserDaoTest.java:9)
	at com.revature.daotest.UserDaoTest.<init>(UserDaoTest.java:9)
	at com.revature.daotest.UserDaoTest.<init>(UserDaoTest.java:9)
	at com.revature.daotest.UserDaoTest.<init>(UserDaoTest.java:9)
	at com.revature.daotest.UserDaoTest.<init>(UserDaoTest.java:9)
	at com.revature.daotest.UserDaoTest.<init>(UserDaoTest.java:9)
	at com.revature.daotest.UserDaoTest.<init>(UserDaoTest.java:9)
	at com.revature.daotest.UserDaoTest.<init>(UserDaoTest.java:9)
	at com.revature.daotest.UserDaoTest.<init>(UserDaoTest.java:9)
	at com.revature.daotest.UserDaoTest.<init>(UserDaoTest.java:9)
	at com.revature.daotest.UserDaoTest.<init>(UserDaoTest.java:9)
	at com.revature.daotest.UserDaoTest.<init>(UserDaoTest.java:9)
	at com.revature.daotest.UserDaoTest.<init>(UserDaoTest.java:9)
	at com.revature.daotest.UserDaoTest.<init>(UserDaoTest.java:9)
	at com.revature.daotest.UserDaoTest.<init>(UserDaoTest.java:9)
	at com.revature.daotest.UserDaoTest.<init>(UserDaoTest.java:9)
	at com.revature.daotest.UserDaoTest.<init>(UserDaoTest.java:9)
	at com.revature.daotest.UserDaoTest.<init>(UserDaoTest.java:9)
	at com.revature.daotest.UserDaoTest.<init>(UserDaoTest.java:9)
	at com.revature.daotest.UserDaoTest.<init>(UserDaoTest.java:9)
	at com.revature.daotest.UserDaoTest.<init>(UserDaoTest.java:9)
	at com.revature.daotest.UserDaoTest.<init>(UserDaoTest.java:9)
	at com.revature.daotest.UserDaoTest.<init>(UserDaoTest.java:9)
	at com.revature.daotest.UserDaoTest.<init>(UserDaoTest.java:9)
	at com.revature.daotest.UserDaoTest.<init>(UserDaoTest.java:9)
	at com.revature.daotest.UserDaoTest.<init>(UserDaoTest.java:9)
	at com.revature.daotest.UserDaoTest.<init>(UserDaoTest.java:9)
	at com.revature.daotest.UserDaoTest.<init>(UserDaoTest.java:9)
	at com.revature.daotest.UserDaoTest.<init>(UserDaoTest.java:9)
	at com.revature.daotest.UserDaoTest.<init>(UserDaoTest.java:9)
	at com.revature.daotest.UserDaoTest.<init>(UserDaoTest.java:9)
	at com.revature.daotest.UserDaoTest.<init>(UserDaoTest.java:9)
	at com.revature.daotest.UserDaoTest.<init>(UserDaoTest.java:9)
	at com.revature.daotest.UserDaoTest.<init>(UserDaoTest.java:9)
	at com.revature.daotest.UserDaoTest.<init>(UserDaoTest.java:9)
	at com.revature.daotest.UserDaoTest.<init>(UserDaoTest.java:9)
	at com.revature.daotest.UserDaoTest.<init>(UserDaoTest.java:9)
	at com.revature.daotest.UserDaoTest.<init>(UserDaoTest.java:9)
	at com.revature.daotest.UserDaoTest.<init>(UserDaoTest.java:9)
	at com.revature.daotest.UserDaoTest.<init>(UserDaoTest.java:9)
	at com.revature.daotest.UserDaoTest.<init>(UserDaoTest.java:9)
	at com.revature.daotest.UserDaoTest.<init>(UserDaoTest.java:9)
	at com.revature.daotest.UserDaoTest.<init>(UserDaoTest.java:9)
	at com.revature.daotest.UserDaoTest.<init>(UserDaoTest.java:9)
	at com.revature.daotest.UserDaoTest.<init>(UserDaoTest.java:9)
	at com.revature.daotest.UserDaoTest.<init>(UserDaoTest.java:9)
	at com.revature.daotest.UserDaoTest.<init>(UserDaoTest.java:9)
	at com.revature.daotest.UserDaoTest.<init>(UserDaoTest.java:9)
	at com.revature.daotest.UserDaoTest.<init>(UserDaoTest.java:9)
	at com.revature.daotest.UserDaoTest.<init>(UserDaoTest.java:9)
	at com.revature.daotest.UserDaoTest.<init>(UserDaoTest.java:9)
	at com.revature.daotest.UserDaoTest.<init>(UserDaoTest.java:9)
	at com.revature.daotest.UserDaoTest.<init>(UserDaoTest.java:9)
	at com.revature.daotest.UserDaoTest.<init>(UserDaoTest.java:9)
	at com.revature.daotest.UserDaoTest.<init>(UserDaoTest.java:9)
	at com.revature.daotest.UserDaoTest.<init>(UserDaoTest.java:9)
	at com.revature.daotest.UserDaoTest.<init>(UserDaoTest.java:9)
	at com.revature.daotest.UserDaoTest.<init>(UserDaoTest.java:9)
	at com.revature.daotest.UserDaoTest.<init>(UserDaoTest.java:9)
	at com.revature.daotest.UserDaoTest.<init>(UserDaoTest.java:9)
	at com.revature.daotest.UserDaoTest.<init>(UserDaoTest.java:9)
	at com.revature.daotest.UserDaoTest.<init>(UserDaoTest.java:9)
	at com.revature.daotest.UserDaoTest.<init>(UserDaoTest.java:9)
	at com.revature.daotest.UserDaoTest.<init>(UserDaoTest.java:9)
	at com.revature.daotest.UserDaoTest.<init>(UserDaoTest.java:9)
	at com.revature.daotest.UserDaoTest.<init>(UserDaoTest.java:9)
	at com.revature.daotest.UserDaoTest.<init>(UserDaoTest.java:9)
	at com.revature.daotest.UserDaoTest.<init>(UserDaoTest.java:9)
	at com.revature.daotest.UserDaoTest.<init>(UserDaoTest.java:9)
	at com.revature.daotest.UserDaoTest.<init>(UserDaoTest.java:9)
	at com.revature.daotest.UserDaoTest.<init>(UserDaoTest.java:9)
	at com.revature.daotest.UserDaoTest.<init>(UserDaoTest.java:9)
	at com.revature.daotest.UserDaoTest.<init>(UserDaoTest.java:9)
	at com.revature.daotest.UserDaoTest.<init>(UserDaoTest.java:9)
	at com.revature.daotest.UserDaoTest.<init>(UserDaoTest.java:9)
	at com.revature.daotest.UserDaoTest.<init>(UserDaoTest.java:9)
	at com.revature.daotest.UserDaoTest.<init>(UserDaoTest.java:9)
	at com.revature.daotest.UserDaoTest.<init>(UserDaoTest.java:9)
	at com.revature.daotest.UserDaoTest.<init>(UserDaoTest.java:9)
	at com.revature.daotest.UserDaoTest.<init>(UserDaoTest.java:9)
	at com.revature.daotest.UserDaoTest.<init>(UserDaoTest.java:9)
	at com.revature.daotest.UserDaoTest.<init>(UserDaoTest.java:9)
	at com.revature.daotest.UserDaoTest.<init>(UserDaoTest.java:9)
	at com.revature.daotest.UserDaoTest.<init>(UserDaoTest.java:9)
	at com.revature.daotest.UserDaoTest.<init>(UserDaoTest.java:9)
	at com.revature.daotest.UserDaoTest.<init>(UserDaoTest.java:9)
	at com.revature.daotest.UserDaoTest.<init>(UserDaoTest.java:9)
	at com.revature.daotest.UserDaoTest.<init>(UserDaoTest.java:9)
	at com.revature.daotest.UserDaoTest.<init>(UserDaoTest.java:9)
	at com.revature.daotest.UserDaoTest.<init>(UserDaoTest.java:9)
	at com.revature.daotest.UserDaoTest.<init>(UserDaoTest.java:9)
	at com.revature.daotest.UserDaoTest.<init>(UserDaoTest.java:9)
	at com.revature.daotest.UserDaoTest.<init>(UserDaoTest.java:9)
	at com.revature.daotest.UserDaoTest.<init>(UserDaoTest.java:9)
	at com.revature.daotest.UserDaoTest.<init>(UserDaoTest.java:9)
	at com.revature.daotest.UserDaoTest.<init>(UserDaoTest.java:9)
	at com.revature.daotest.UserDaoTest.<init>(UserDaoTest.java:9)
	at com.revature.daotest.UserDaoTest.<init>(UserDaoTest.java:9)
	at com.revature.daotest.UserDaoTest.<init>(UserDaoTest.java:9)
	at com.revature.daotest.UserDaoTest.<init>(UserDaoTest.java:9)
	at com.revature.daotest.UserDaoTest.<init>(UserDaoTest.java:9)
	at com.revature.daotest.UserDaoTest.<init>(UserDaoTest.java:9)
	at com.revature.daotest.UserDaoTest.<init>(UserDaoTest.java:9)
	at com.revature.daotest.UserDaoTest.<init>(UserDaoTest.java:9)
	at com.revature.daotest.UserDaoTest.<init>(UserDaoTest.java:9)
	at com.revature.daotest.UserDaoTest.<init>(UserDaoTest.java:9)
	at com.revature.daotest.UserDaoTest.<init>(UserDaoTest.java:9)
	at com.revature.daotest.UserDaoTest.<init>(UserDaoTest.java:9)
	at com.revature.daotest.UserDaoTest.<init>(UserDaoTest.java:9)
	at com.revature.daotest.UserDaoTest.<init>(UserDaoTest.java:9)
	at com.revature.daotest.UserDaoTest.<init>(UserDaoTest.java:9)
	at com.revature.daotest.UserDaoTest.<init>(UserDaoTest.java:9)
	at com.revature.daotest.UserDaoTest.<init>(UserDaoTest.java:9)
	at com.revature.daotest.UserDaoTest.<init>(UserDaoTest.java:9)
	at com.revature.daotest.UserDaoTest.<init>(UserDaoTest.java:9)
	at com.revature.daotest.UserDaoTest.<init>(UserDaoTest.java:9)
	at com.revature.daotest.UserDaoTest.<init>(UserDaoTest.java:9)
	at com.revature.daotest.UserDaoTest.<init>(UserDaoTest.java:9)
	at com.revature.daotest.UserDaoTest.<init>(UserDaoTest.java:9)
	at com.revature.daotest.UserDaoTest.<init>(UserDaoTest.java:9)
	at com.revature.daotest.UserDaoTest.<init>(UserDaoTest.java:9)
	at com.revature.daotest.UserDaoTest.<init>(UserDaoTest.java:9)
	at com.revature.daotest.UserDaoTest.<init>(UserDaoTest.java:9)
	at com.revature.daotest.UserDaoTest.<init>(UserDaoTest.java:9)
	at com.revature.daotest.UserDaoTest.<init>(UserDaoTest.java:9)
	at com.revature.daotest.UserDaoTest.<init>(UserDaoTest.java:9)
	at com.revature.daotest.UserDaoTest.<init>(UserDaoTest.java:9)
	at com.revature.daotest.UserDaoTest.<init>(UserDaoTest.java:9)
	at com.revature.daotest.UserDaoTest.<init>(UserDaoTest.java:9)
	at com.revature.daotest.UserDaoTest.<init>(UserDaoTest.java:9)
	at com.revature.daotest.UserDaoTest.<init>(UserDaoTest.java:9)
	at com.revature.daotest.UserDaoTest.<init>(UserDaoTest.java:9)
	at com.revature.daotest.UserDaoTest.<init>(UserDaoTest.java:9)
	at com.revature.daotest.UserDaoTest.<init>(UserDaoTest.java:9)
	at com.revature.daotest.UserDaoTest.<init>(UserDaoTest.java:9)
	at com.revature.daotest.UserDaoTest.<init>(UserDaoTest.java:9)
	at com.revature.daotest.UserDaoTest.<init>(UserDaoTest.java:9)
	at com.revature.daotest.UserDaoTest.<init>(UserDaoTest.java:9)
	at com.revature.daotest.UserDaoTest.<init>(UserDaoTest.java:9)

